0 info it worked if it ends with ok
1 verbose cli [ '/Users/appacademy/.nvm/v0.10.33/bin/node',
1 verbose cli   '/Users/appacademy/.nvm/v0.10.33/bin/npm',
1 verbose cli   'install' ]
2 info using npm@1.4.28
3 info using node@v0.10.33
4 warn package.json salamander@1.0.0 No repository field.
5 verbose readDependencies using package.json deps
6 verbose install where, deps [ '/Users/appacademy/Downloads/StampLife',
6 verbose install   [ 'babel-core',
6 verbose install     'babel-loader',
6 verbose install     'babel-preset-react',
6 verbose install     'flux',
6 verbose install     'history',
6 verbose install     'react',
6 verbose install     'react-addons-linked-state-mixin',
6 verbose install     'react-dom',
6 verbose install     'react-router',
6 verbose install     'tether-shepherd',
6 verbose install     'webpack' ] ]
7 info preinstall salamander@1.0.0
8 warn package.json tether-shepherd@1.7.0 No repository field.
9 verbose readDependencies using package.json deps
10 verbose already installed skipping flux@^2.1.1 /Users/appacademy/Downloads/StampLife
11 verbose cache add [ 'history@1.13.x', null ]
12 verbose cache add name=undefined spec="history@1.13.x" args=["history@1.13.x",null]
13 verbose parsed url { protocol: null,
13 verbose parsed url   slashes: null,
13 verbose parsed url   auth: null,
13 verbose parsed url   host: null,
13 verbose parsed url   port: null,
13 verbose parsed url   hostname: null,
13 verbose parsed url   hash: null,
13 verbose parsed url   search: null,
13 verbose parsed url   query: null,
13 verbose parsed url   pathname: 'history@1.13.x',
13 verbose parsed url   path: 'history@1.13.x',
13 verbose parsed url   href: 'history@1.13.x' }
14 verbose already installed skipping react@^0.14.2 /Users/appacademy/Downloads/StampLife
15 verbose cache add name="history" spec="1.13.x" args=["history","1.13.x"]
16 verbose parsed url { protocol: null,
16 verbose parsed url   slashes: null,
16 verbose parsed url   auth: null,
16 verbose parsed url   host: null,
16 verbose parsed url   port: null,
16 verbose parsed url   hostname: null,
16 verbose parsed url   hash: null,
16 verbose parsed url   search: null,
16 verbose parsed url   query: null,
16 verbose parsed url   pathname: '1.13.x',
16 verbose parsed url   path: '1.13.x',
16 verbose parsed url   href: '1.13.x' }
17 verbose addNamed [ 'history', '1.13.x' ]
18 verbose addNamed [ null, '>=1.13.0-0 <1.14.0-0' ]
19 verbose already installed skipping react-addons-linked-state-mixin@^0.14.2 /Users/appacademy/Downloads/StampLife
20 silly lockFile bb723ba4-history-1-13-x history@1.13.x
21 verbose lock history@1.13.x /Users/appacademy/.npm/bb723ba4-history-1-13-x.lock
22 verbose already installed skipping react-dom@^0.14.2 /Users/appacademy/Downloads/StampLife
23 verbose already installed skipping react-router@^1.0.2 /Users/appacademy/Downloads/StampLife
24 verbose already installed skipping tether-shepherd@^1.2.0 /Users/appacademy/Downloads/StampLife
25 verbose already installed skipping webpack@^1.12.4 /Users/appacademy/Downloads/StampLife
26 verbose already installed skipping babel-core@^6.1.4 /Users/appacademy/Downloads/StampLife
27 verbose already installed skipping babel-loader@^6.1.0 /Users/appacademy/Downloads/StampLife
28 verbose already installed skipping babel-preset-react@^6.1.4 /Users/appacademy/Downloads/StampLife
29 silly addNameRange { name: 'history',
29 silly addNameRange   range: '>=1.13.0-0 <1.14.0-0',
29 silly addNameRange   hasData: false }
30 verbose request where is /history
31 verbose request registry https://registry.npmjs.org/
32 verbose request id 627c1c019a8a4aad
33 verbose url raw /history
34 verbose url resolving [ 'https://registry.npmjs.org/', './history' ]
35 verbose url resolved https://registry.npmjs.org/history
36 verbose request where is https://registry.npmjs.org/history
37 info trying registry request attempt 1 at 20:40:52
38 http GET https://registry.npmjs.org/history
39 http 200 https://registry.npmjs.org/history
40 silly registry.get cb [ 200,
40 silly registry.get   { server: 'CouchDB/1.5.0 (Erlang OTP/R16B03)',
40 silly registry.get     etag: '"2RWENURV2YO2TSUE29FC23LBN"',
40 silly registry.get     'content-type': 'application/json',
40 silly registry.get     'cache-control': 'max-age=300',
40 silly registry.get     'content-length': '95430',
40 silly registry.get     'accept-ranges': 'bytes',
40 silly registry.get     date: 'Wed, 24 Feb 2016 04:40:52 GMT',
40 silly registry.get     via: '1.1 varnish',
40 silly registry.get     age: '211',
40 silly registry.get     connection: 'keep-alive',
40 silly registry.get     'x-served-by': 'cache-lax1433-LAX',
40 silly registry.get     'x-cache': 'HIT',
40 silly registry.get     'x-cache-hits': '1',
40 silly registry.get     'x-timer': 'S1456288852.634163,VS0,VE0',
40 silly registry.get     vary: 'Accept' } ]
41 silly addNameRange number 2 { name: 'history', range: '>=1.13.0-0 <1.14.0-0', hasData: true }
42 silly addNameRange versions [ 'history',
42 silly addNameRange   [ '0.1.0',
42 silly addNameRange     '1.0.0',
42 silly addNameRange     '1.1.0',
42 silly addNameRange     '1.2.0',
42 silly addNameRange     '1.2.1',
42 silly addNameRange     '1.2.2',
42 silly addNameRange     '1.3.0',
42 silly addNameRange     '1.3.1',
42 silly addNameRange     '1.3.2',
42 silly addNameRange     '1.3.3',
42 silly addNameRange     '1.4.0',
42 silly addNameRange     '1.4.1',
42 silly addNameRange     '1.5.0',
42 silly addNameRange     '1.6.0',
42 silly addNameRange     '1.7.0',
42 silly addNameRange     '1.8.0',
42 silly addNameRange     '1.8.1',
42 silly addNameRange     '1.8.2',
42 silly addNameRange     '1.8.3',
42 silly addNameRange     '1.8.4',
42 silly addNameRange     '1.8.5',
42 silly addNameRange     '1.9.0',
42 silly addNameRange     '1.9.1',
42 silly addNameRange     '1.10.0',
42 silly addNameRange     '1.10.1',
42 silly addNameRange     '1.10.2',
42 silly addNameRange     '1.11.0',
42 silly addNameRange     '1.11.1',
42 silly addNameRange     '1.12.0',
42 silly addNameRange     '1.12.1',
42 silly addNameRange     '1.12.2',
42 silly addNameRange     '1.12.3',
42 silly addNameRange     '1.12.4',
42 silly addNameRange     '1.12.5',
42 silly addNameRange     '1.12.6',
42 silly addNameRange     '1.13.0',
42 silly addNameRange     '1.13.1',
42 silly addNameRange     '1.14.0',
42 silly addNameRange     '1.15.0',
42 silly addNameRange     '1.16.0',
42 silly addNameRange     '1.17.0',
42 silly addNameRange     '2.0.0-rc1',
42 silly addNameRange     '2.0.0-rc2',
42 silly addNameRange     '2.0.0-rc3',
42 silly addNameRange     '2.0.0' ] ]
43 verbose addNamed [ 'history', '1.13.1' ]
44 verbose addNamed [ '1.13.1', '1.13.1' ]
45 silly lockFile cc58891e-history-1-13-1 history@1.13.1
46 verbose lock history@1.13.1 /Users/appacademy/.npm/cc58891e-history-1-13-1.lock
47 silly lockFile aabf0f08-s-org-history-history-1-13-1-tgz https://registry.npmjs.org/history/-/history-1.13.1.tgz
48 verbose lock https://registry.npmjs.org/history/-/history-1.13.1.tgz /Users/appacademy/.npm/aabf0f08-s-org-history-history-1-13-1-tgz.lock
49 verbose addRemoteTarball [ 'https://registry.npmjs.org/history/-/history-1.13.1.tgz',
49 verbose addRemoteTarball   '1d0664e667f031d5757ef73e81ef847beb3aedcd' ]
50 info retry fetch attempt 1 at 20:40:52
51 verbose fetch to= /var/folders/3z/2m430jjj7tz_qpwb_zc0ttl40000gn/T/npm-44971-SKN3FK_S/registry.npmjs.org/history/-/history-1.13.1.tgz
52 http GET https://registry.npmjs.org/history/-/history-1.13.1.tgz
53 http 200 https://registry.npmjs.org/history/-/history-1.13.1.tgz
54 silly lockFile aabf0f08-s-org-history-history-1-13-1-tgz https://registry.npmjs.org/history/-/history-1.13.1.tgz
55 silly lockFile aabf0f08-s-org-history-history-1-13-1-tgz https://registry.npmjs.org/history/-/history-1.13.1.tgz
56 silly lockFile cc58891e-history-1-13-1 history@1.13.1
57 silly lockFile cc58891e-history-1-13-1 history@1.13.1
58 silly lockFile bb723ba4-history-1-13-x history@1.13.x
59 silly lockFile bb723ba4-history-1-13-x history@1.13.x
60 silly resolved [ { name: 'history',
60 silly resolved     version: '1.13.1',
60 silly resolved     description: 'A minimal, functional history implementation for JavaScript',
60 silly resolved     main: 'lib/index',
60 silly resolved     repository: { type: 'git', url: 'git+https://github.com/rackt/history.git' },
60 silly resolved     bugs: { url: 'https://github.com/rackt/history/issues' },
60 silly resolved     scripts:
60 silly resolved      { build: 'babel ./modules --stage 0 --loose all --plugins dev-expression -d lib --ignore \'__tests__\'',
60 silly resolved        'build-umd': 'NODE_ENV=production webpack modules/index.js umd/History.js',
60 silly resolved        'build-min': 'NODE_ENV=production webpack -p modules/index.js umd/History.min.js',
60 silly resolved        lint: 'eslint modules',
60 silly resolved        start: 'webpack-dev-server -d --content-base ./ --history-api-fallback --inline modules/index.js',
60 silly resolved        test: 'npm run lint && karma start',
60 silly resolved        postinstall: 'node ./npm-scripts/postinstall.js' },
60 silly resolved     authors: [ 'Michael Jackson' ],
60 silly resolved     license: 'MIT',
60 silly resolved     dependencies:
60 silly resolved      { 'deep-equal': '^1.0.0',
60 silly resolved        invariant: '^2.0.0',
60 silly resolved        qs: '^4.0.0',
60 silly resolved        warning: '^2.0.0' },
60 silly resolved     devDependencies:
60 silly resolved      { assert: '1.3.0',
60 silly resolved        babel: '^5.4.7',
60 silly resolved        'babel-core': '^5.4.7',
60 silly resolved        'babel-eslint': '^3.1.23',
60 silly resolved        'babel-loader': '^5.0.0',
60 silly resolved        'babel-plugin-dev-expression': '^0.1.0',
60 silly resolved        eslint: '1.4.1',
60 silly resolved        'eslint-config-rackt': '1.0.0',
60 silly resolved        'eslint-plugin-react': '3.3.2',
60 silly resolved        expect: '^1.12.0',
60 silly resolved        'gzip-size': '^3.0.0',
60 silly resolved        'isparta-loader': '^1.0.0',
60 silly resolved        karma: '^0.13.3',
60 silly resolved        'karma-browserstack-launcher': '^0.1.3',
60 silly resolved        'karma-chrome-launcher': '^0.2.0',
60 silly resolved        'karma-coverage': '^0.5.3',
60 silly resolved        'karma-coveralls': '^1.1.2',
60 silly resolved        'karma-mocha': '^0.2.0',
60 silly resolved        'karma-mocha-reporter': '^1.0.4',
60 silly resolved        'karma-sourcemap-loader': '^0.3.5',
60 silly resolved        'karma-webpack': '^1.7.0',
60 silly resolved        mocha: '^2.0.1',
60 silly resolved        'pretty-bytes': '^2.0.1',
60 silly resolved        rimraf: '^2.4.2',
60 silly resolved        webpack: '^1.4.13',
60 silly resolved        'webpack-dev-server': '^1.10.1' },
60 silly resolved     tags: [ 'history', 'location' ],
60 silly resolved     keywords: [ 'history', 'location' ],
60 silly resolved     gitHead: 'bed59dcd4c0b80bfb7a0017f0563bdb54a8e3225',
60 silly resolved     homepage: 'https://github.com/rackt/history#readme',
60 silly resolved     _id: 'history@1.13.1',
60 silly resolved     _shasum: '1d0664e667f031d5757ef73e81ef847beb3aedcd',
60 silly resolved     _from: 'history@1.13.x',
60 silly resolved     _npmVersion: '3.3.6',
60 silly resolved     _nodeVersion: '5.0.0',
60 silly resolved     _npmUser: { name: 'mjackson', email: 'mjijackson@gmail.com' },
60 silly resolved     dist:
60 silly resolved      { shasum: '1d0664e667f031d5757ef73e81ef847beb3aedcd',
60 silly resolved        tarball: 'http://registry.npmjs.org/history/-/history-1.13.1.tgz' },
60 silly resolved     maintainers: [ [Object], [Object] ],
60 silly resolved     directories: {},
60 silly resolved     _resolved: 'https://registry.npmjs.org/history/-/history-1.13.1.tgz' } ]
61 info install history@1.13.1 into /Users/appacademy/Downloads/StampLife
62 info installOne history@1.13.1
63 verbose node_modules/history unbuild
64 info preuninstall history@1.17.0
65 info uninstall history@1.17.0
66 verbose true,/Users/appacademy/Downloads/StampLife/node_modules,/Users/appacademy/Downloads/StampLife/node_modules unbuild history@1.17.0
67 info postuninstall history@1.17.0
68 verbose tar unpack /Users/appacademy/.npm/history/1.13.1/package.tgz
69 silly lockFile 0f1b0438-s-StampLife-node-modules-history tar:///Users/appacademy/Downloads/StampLife/node_modules/history
70 verbose lock tar:///Users/appacademy/Downloads/StampLife/node_modules/history /Users/appacademy/.npm/0f1b0438-s-StampLife-node-modules-history.lock
71 silly lockFile c624e6dd-y-npm-history-1-13-1-package-tgz tar:///Users/appacademy/.npm/history/1.13.1/package.tgz
72 verbose lock tar:///Users/appacademy/.npm/history/1.13.1/package.tgz /Users/appacademy/.npm/c624e6dd-y-npm-history-1-13-1-package-tgz.lock
73 silly gunzTarPerm modes [ '755', '644' ]
74 silly gunzTarPerm extractEntry package.json
75 silly gunzTarPerm extractEntry .npmignore
76 silly gunzTarPerm extractEntry README.md
77 silly gunzTarPerm extractEntry LICENSE.md
78 silly gunzTarPerm extractEntry umd/History.js
79 silly gunzTarPerm extractEntry umd/History.min.js
80 silly gunzTarPerm extractEntry docs/README.md
81 silly gunzTarPerm extractEntry docs/BasenameSupport.md
82 silly gunzTarPerm extractEntry docs/ConfirmingNavigation.md
83 silly gunzTarPerm extractEntry docs/GettingStarted.md
84 silly gunzTarPerm extractEntry docs/Glossary.md
85 silly gunzTarPerm extractEntry docs/HashHistoryCaveats.md
86 silly gunzTarPerm extractEntry docs/Location.md
87 silly gunzTarPerm extractEntry docs/QuerySupport.md
88 silly gunzTarPerm extractEntry CHANGES.md
89 silly gunzTarPerm extractEntry modules/Actions.js
90 silly gunzTarPerm extractEntry modules/createHashHistory.js
91 silly gunzTarPerm extractEntry modules/createHistory.js
92 silly gunzTarPerm extractEntry modules/createLocation.js
93 silly gunzTarPerm extractEntry modules/createDOMHistory.js
94 silly gunzTarPerm extractEntry modules/deprecate.js
95 silly gunzTarPerm extractEntry modules/enableBeforeUnload.js
96 silly gunzTarPerm extractEntry modules/enableQueries.js
97 silly gunzTarPerm extractEntry modules/extractPath.js
98 silly gunzTarPerm extractEntry modules/index.js
99 silly gunzTarPerm extractEntry modules/createBrowserHistory.js
100 silly gunzTarPerm extractEntry modules/parsePath.js
101 silly gunzTarPerm extractEntry modules/ExecutionEnvironment.js
102 silly gunzTarPerm extractEntry modules/runTransitionHook.js
103 silly gunzTarPerm extractEntry modules/DOMUtils.js
104 silly gunzTarPerm extractEntry modules/useBasename.js
105 silly gunzTarPerm extractEntry modules/DOMStateStorage.js
106 silly gunzTarPerm extractEntry modules/useBeforeUnload.js
107 silly gunzTarPerm extractEntry modules/AsyncUtils.js
108 silly gunzTarPerm extractEntry modules/useQueries.js
109 silly gunzTarPerm extractEntry modules/createMemoryHistory.js
110 silly gunzTarPerm extractEntry CONTRIBUTING.md
111 silly gunzTarPerm extractEntry npm-scripts/postinstall.js
112 silly gunzTarPerm extractEntry lib/Actions.js
113 silly gunzTarPerm extractEntry lib/createHashHistory.js
114 silly gunzTarPerm extractEntry lib/createHistory.js
115 silly gunzTarPerm extractEntry lib/createLocation.js
116 silly gunzTarPerm extractEntry lib/createDOMHistory.js
117 silly gunzTarPerm extractEntry lib/deprecate.js
118 silly gunzTarPerm extractEntry lib/enableBeforeUnload.js
119 silly gunzTarPerm extractEntry lib/enableQueries.js
120 silly gunzTarPerm extractEntry lib/extractPath.js
121 silly gunzTarPerm extractEntry lib/index.js
122 silly gunzTarPerm extractEntry lib/createBrowserHistory.js
123 silly gunzTarPerm extractEntry lib/parsePath.js
124 silly gunzTarPerm extractEntry lib/ExecutionEnvironment.js
125 silly gunzTarPerm extractEntry lib/runTransitionHook.js
126 silly gunzTarPerm extractEntry lib/DOMUtils.js
127 silly gunzTarPerm extractEntry lib/useBasename.js
128 silly gunzTarPerm extractEntry lib/DOMStateStorage.js
129 silly gunzTarPerm extractEntry lib/useBeforeUnload.js
130 silly gunzTarPerm extractEntry lib/AsyncUtils.js
131 silly gunzTarPerm extractEntry lib/useQueries.js
132 silly gunzTarPerm extractEntry lib/createMemoryHistory.js
133 silly lockFile 0f1b0438-s-StampLife-node-modules-history tar:///Users/appacademy/Downloads/StampLife/node_modules/history
134 silly lockFile 0f1b0438-s-StampLife-node-modules-history tar:///Users/appacademy/Downloads/StampLife/node_modules/history
135 silly lockFile c624e6dd-y-npm-history-1-13-1-package-tgz tar:///Users/appacademy/.npm/history/1.13.1/package.tgz
136 silly lockFile c624e6dd-y-npm-history-1-13-1-package-tgz tar:///Users/appacademy/.npm/history/1.13.1/package.tgz
137 info preinstall history@1.13.1
138 verbose readDependencies using package.json deps
139 verbose readDependencies using package.json deps
140 verbose cache add [ 'deep-equal@^1.0.0', null ]
141 verbose cache add name=undefined spec="deep-equal@^1.0.0" args=["deep-equal@^1.0.0",null]
142 verbose parsed url { protocol: null,
142 verbose parsed url   slashes: null,
142 verbose parsed url   auth: null,
142 verbose parsed url   host: null,
142 verbose parsed url   port: null,
142 verbose parsed url   hostname: null,
142 verbose parsed url   hash: null,
142 verbose parsed url   search: null,
142 verbose parsed url   query: null,
142 verbose parsed url   pathname: 'deep-equal@^1.0.0',
142 verbose parsed url   path: 'deep-equal@^1.0.0',
142 verbose parsed url   href: 'deep-equal@^1.0.0' }
143 verbose cache add [ 'invariant@^2.0.0', null ]
144 verbose cache add name=undefined spec="invariant@^2.0.0" args=["invariant@^2.0.0",null]
145 verbose parsed url { protocol: null,
145 verbose parsed url   slashes: null,
145 verbose parsed url   auth: null,
145 verbose parsed url   host: null,
145 verbose parsed url   port: null,
145 verbose parsed url   hostname: null,
145 verbose parsed url   hash: null,
145 verbose parsed url   search: null,
145 verbose parsed url   query: null,
145 verbose parsed url   pathname: 'invariant@^2.0.0',
145 verbose parsed url   path: 'invariant@^2.0.0',
145 verbose parsed url   href: 'invariant@^2.0.0' }
146 verbose cache add [ 'qs@^4.0.0', null ]
147 verbose cache add name=undefined spec="qs@^4.0.0" args=["qs@^4.0.0",null]
148 verbose parsed url { protocol: null,
148 verbose parsed url   slashes: null,
148 verbose parsed url   auth: null,
148 verbose parsed url   host: null,
148 verbose parsed url   port: null,
148 verbose parsed url   hostname: null,
148 verbose parsed url   hash: null,
148 verbose parsed url   search: null,
148 verbose parsed url   query: null,
148 verbose parsed url   pathname: 'qs@^4.0.0',
148 verbose parsed url   path: 'qs@^4.0.0',
148 verbose parsed url   href: 'qs@^4.0.0' }
149 verbose cache add name="deep-equal" spec="^1.0.0" args=["deep-equal","^1.0.0"]
150 verbose parsed url { protocol: null,
150 verbose parsed url   slashes: null,
150 verbose parsed url   auth: null,
150 verbose parsed url   host: null,
150 verbose parsed url   port: null,
150 verbose parsed url   hostname: null,
150 verbose parsed url   hash: null,
150 verbose parsed url   search: null,
150 verbose parsed url   query: null,
150 verbose parsed url   pathname: '^1.0.0',
150 verbose parsed url   path: '^1.0.0',
150 verbose parsed url   href: '^1.0.0' }
151 verbose addNamed [ 'deep-equal', '^1.0.0' ]
152 verbose addNamed [ null, '>=1.0.0-0 <2.0.0-0' ]
153 silly lockFile 8dc4a90b-deep-equal-1-0-0 deep-equal@^1.0.0
154 verbose lock deep-equal@^1.0.0 /Users/appacademy/.npm/8dc4a90b-deep-equal-1-0-0.lock
155 verbose cache add name="invariant" spec="^2.0.0" args=["invariant","^2.0.0"]
156 verbose parsed url { protocol: null,
156 verbose parsed url   slashes: null,
156 verbose parsed url   auth: null,
156 verbose parsed url   host: null,
156 verbose parsed url   port: null,
156 verbose parsed url   hostname: null,
156 verbose parsed url   hash: null,
156 verbose parsed url   search: null,
156 verbose parsed url   query: null,
156 verbose parsed url   pathname: '^2.0.0',
156 verbose parsed url   path: '^2.0.0',
156 verbose parsed url   href: '^2.0.0' }
157 verbose addNamed [ 'invariant', '^2.0.0' ]
158 verbose addNamed [ null, '>=2.0.0-0 <3.0.0-0' ]
159 silly lockFile dc0bdd7a-invariant-2-0-0 invariant@^2.0.0
160 verbose lock invariant@^2.0.0 /Users/appacademy/.npm/dc0bdd7a-invariant-2-0-0.lock
161 verbose cache add [ 'warning@^2.0.0', null ]
162 verbose cache add name=undefined spec="warning@^2.0.0" args=["warning@^2.0.0",null]
163 verbose parsed url { protocol: null,
163 verbose parsed url   slashes: null,
163 verbose parsed url   auth: null,
163 verbose parsed url   host: null,
163 verbose parsed url   port: null,
163 verbose parsed url   hostname: null,
163 verbose parsed url   hash: null,
163 verbose parsed url   search: null,
163 verbose parsed url   query: null,
163 verbose parsed url   pathname: 'warning@^2.0.0',
163 verbose parsed url   path: 'warning@^2.0.0',
163 verbose parsed url   href: 'warning@^2.0.0' }
164 verbose cache add name="qs" spec="^4.0.0" args=["qs","^4.0.0"]
165 verbose parsed url { protocol: null,
165 verbose parsed url   slashes: null,
165 verbose parsed url   auth: null,
165 verbose parsed url   host: null,
165 verbose parsed url   port: null,
165 verbose parsed url   hostname: null,
165 verbose parsed url   hash: null,
165 verbose parsed url   search: null,
165 verbose parsed url   query: null,
165 verbose parsed url   pathname: '^4.0.0',
165 verbose parsed url   path: '^4.0.0',
165 verbose parsed url   href: '^4.0.0' }
166 verbose addNamed [ 'qs', '^4.0.0' ]
167 verbose addNamed [ null, '>=4.0.0-0 <5.0.0-0' ]
168 silly lockFile c3920404-qs-4-0-0 qs@^4.0.0
169 verbose lock qs@^4.0.0 /Users/appacademy/.npm/c3920404-qs-4-0-0.lock
170 verbose cache add name="warning" spec="^2.0.0" args=["warning","^2.0.0"]
171 verbose parsed url { protocol: null,
171 verbose parsed url   slashes: null,
171 verbose parsed url   auth: null,
171 verbose parsed url   host: null,
171 verbose parsed url   port: null,
171 verbose parsed url   hostname: null,
171 verbose parsed url   hash: null,
171 verbose parsed url   search: null,
171 verbose parsed url   query: null,
171 verbose parsed url   pathname: '^2.0.0',
171 verbose parsed url   path: '^2.0.0',
171 verbose parsed url   href: '^2.0.0' }
172 verbose addNamed [ 'warning', '^2.0.0' ]
173 verbose addNamed [ null, '>=2.0.0-0 <3.0.0-0' ]
174 silly lockFile 9061709c-warning-2-0-0 warning@^2.0.0
175 verbose lock warning@^2.0.0 /Users/appacademy/.npm/9061709c-warning-2-0-0.lock
176 silly addNameRange { name: 'deep-equal',
176 silly addNameRange   range: '>=1.0.0-0 <2.0.0-0',
176 silly addNameRange   hasData: false }
177 silly addNameRange { name: 'invariant',
177 silly addNameRange   range: '>=2.0.0-0 <3.0.0-0',
177 silly addNameRange   hasData: false }
178 verbose request where is /deep-equal
179 verbose request registry https://registry.npmjs.org/
180 verbose url raw /deep-equal
181 verbose url resolving [ 'https://registry.npmjs.org/', './deep-equal' ]
182 verbose url resolved https://registry.npmjs.org/deep-equal
183 verbose request where is https://registry.npmjs.org/deep-equal
184 info trying registry request attempt 1 at 20:40:52
185 http GET https://registry.npmjs.org/deep-equal
186 verbose request where is /invariant
187 verbose request registry https://registry.npmjs.org/
188 verbose url raw /invariant
189 verbose url resolving [ 'https://registry.npmjs.org/', './invariant' ]
190 verbose url resolved https://registry.npmjs.org/invariant
191 verbose request where is https://registry.npmjs.org/invariant
192 info trying registry request attempt 1 at 20:40:52
193 http GET https://registry.npmjs.org/invariant
194 silly addNameRange { name: 'warning', range: '>=2.0.0-0 <3.0.0-0', hasData: false }
195 silly addNameRange { name: 'qs', range: '>=4.0.0-0 <5.0.0-0', hasData: false }
196 verbose request where is /warning
197 verbose request registry https://registry.npmjs.org/
198 verbose url raw /warning
199 verbose url resolving [ 'https://registry.npmjs.org/', './warning' ]
200 verbose url resolved https://registry.npmjs.org/warning
201 verbose request where is https://registry.npmjs.org/warning
202 info trying registry request attempt 1 at 20:40:52
203 http GET https://registry.npmjs.org/warning
204 verbose request where is /qs
205 verbose request registry https://registry.npmjs.org/
206 verbose url raw /qs
207 verbose url resolving [ 'https://registry.npmjs.org/', './qs' ]
208 verbose url resolved https://registry.npmjs.org/qs
209 verbose request where is https://registry.npmjs.org/qs
210 info trying registry request attempt 1 at 20:40:52
211 verbose etag "856SZFL3EFK8751UU1VMS7A49"
212 http GET https://registry.npmjs.org/qs
213 http 200 https://registry.npmjs.org/invariant
214 silly registry.get cb [ 200,
214 silly registry.get   { server: 'CouchDB/1.5.0 (Erlang OTP/R16B03)',
214 silly registry.get     etag: '"EAEV491AYUM88PAMO3LNXG2J7"',
214 silly registry.get     'content-type': 'application/json',
214 silly registry.get     'cache-control': 'max-age=300',
214 silly registry.get     'content-length': '12128',
214 silly registry.get     'accept-ranges': 'bytes',
214 silly registry.get     date: 'Wed, 24 Feb 2016 04:40:53 GMT',
214 silly registry.get     via: '1.1 varnish',
214 silly registry.get     age: '292',
214 silly registry.get     connection: 'keep-alive',
214 silly registry.get     'x-served-by': 'cache-lax1426-LAX',
214 silly registry.get     'x-cache': 'HIT',
214 silly registry.get     'x-cache-hits': '5',
214 silly registry.get     'x-timer': 'S1456288853.099816,VS0,VE0',
214 silly registry.get     vary: 'Accept' } ]
215 silly addNameRange number 2 { name: 'invariant', range: '>=2.0.0-0 <3.0.0-0', hasData: true }
216 silly addNameRange versions [ 'invariant',
216 silly addNameRange   [ '1.0.0',
216 silly addNameRange     '1.0.1',
216 silly addNameRange     '1.0.2',
216 silly addNameRange     '2.0.0',
216 silly addNameRange     '2.1.0',
216 silly addNameRange     '2.1.1',
216 silly addNameRange     '2.1.2',
216 silly addNameRange     '2.1.3',
216 silly addNameRange     '2.2.0' ] ]
217 verbose addNamed [ 'invariant', '2.2.0' ]
218 verbose addNamed [ '2.2.0', '2.2.0' ]
219 silly lockFile a00864a2-invariant-2-2-0 invariant@2.2.0
220 verbose lock invariant@2.2.0 /Users/appacademy/.npm/a00864a2-invariant-2-2-0.lock
221 silly lockFile 89906230-rg-invariant-invariant-2-2-0-tgz https://registry.npmjs.org/invariant/-/invariant-2.2.0.tgz
222 verbose lock https://registry.npmjs.org/invariant/-/invariant-2.2.0.tgz /Users/appacademy/.npm/89906230-rg-invariant-invariant-2-2-0-tgz.lock
223 verbose addRemoteTarball [ 'https://registry.npmjs.org/invariant/-/invariant-2.2.0.tgz',
223 verbose addRemoteTarball   'c8d7e847366a49cc18b622f058a689d481e895f2' ]
224 info retry fetch attempt 1 at 20:40:53
225 verbose fetch to= /var/folders/3z/2m430jjj7tz_qpwb_zc0ttl40000gn/T/npm-44971-SKN3FK_S/registry.npmjs.org/invariant/-/invariant-2.2.0.tgz
226 http GET https://registry.npmjs.org/invariant/-/invariant-2.2.0.tgz
227 http 200 https://registry.npmjs.org/qs
228 silly registry.get cb [ 200,
228 silly registry.get   { server: 'CouchDB/1.5.0 (Erlang OTP/R16B03)',
228 silly registry.get     etag: '"9223N5QZ4ZGTP0RUE6RUX2SUR"',
228 silly registry.get     'content-type': 'application/json',
228 silly registry.get     'cache-control': 'max-age=300',
228 silly registry.get     'content-length': '69503',
228 silly registry.get     'accept-ranges': 'bytes',
228 silly registry.get     date: 'Wed, 24 Feb 2016 04:40:53 GMT',
228 silly registry.get     via: '1.1 varnish',
228 silly registry.get     age: '173',
228 silly registry.get     connection: 'keep-alive',
228 silly registry.get     'x-served-by': 'cache-lax1432-LAX',
228 silly registry.get     'x-cache': 'HIT',
228 silly registry.get     'x-cache-hits': '21',
228 silly registry.get     'x-timer': 'S1456288853.115393,VS0,VE0',
228 silly registry.get     vary: 'Accept' } ]
229 http 200 https://registry.npmjs.org/warning
230 silly registry.get cb [ 200,
230 silly registry.get   { server: 'CouchDB/1.5.0 (Erlang OTP/R16B03)',
230 silly registry.get     etag: '"PNJG2V0HJEFMAWF1EJIOC3N4"',
230 silly registry.get     'content-type': 'application/json',
230 silly registry.get     'cache-control': 'max-age=300',
230 silly registry.get     'content-length': '7523',
230 silly registry.get     'accept-ranges': 'bytes',
230 silly registry.get     date: 'Wed, 24 Feb 2016 04:40:53 GMT',
230 silly registry.get     via: '1.1 varnish',
230 silly registry.get     age: '0',
230 silly registry.get     connection: 'keep-alive',
230 silly registry.get     'x-served-by': 'cache-lax1434-LAX',
230 silly registry.get     'x-cache': 'HIT',
230 silly registry.get     'x-cache-hits': '1',
230 silly registry.get     'x-timer': 'S1456288853.115774,VS0,VE42',
230 silly registry.get     vary: 'Accept' } ]
231 silly addNameRange number 2 { name: 'qs', range: '>=4.0.0-0 <5.0.0-0', hasData: true }
232 silly addNameRange versions [ 'qs',
232 silly addNameRange   [ '0.0.1',
232 silly addNameRange     '0.0.2',
232 silly addNameRange     '0.0.3',
232 silly addNameRange     '0.0.4',
232 silly addNameRange     '0.0.5',
232 silly addNameRange     '0.0.6',
232 silly addNameRange     '0.0.7',
232 silly addNameRange     '0.1.0',
232 silly addNameRange     '0.2.0',
232 silly addNameRange     '0.3.0',
232 silly addNameRange     '0.3.1',
232 silly addNameRange     '0.3.2',
232 silly addNameRange     '0.4.0',
232 silly addNameRange     '0.4.1',
232 silly addNameRange     '0.4.2',
232 silly addNameRange     '0.5.0',
232 silly addNameRange     '0.5.1',
232 silly addNameRange     '0.5.2',
232 silly addNameRange     '0.5.3',
232 silly addNameRange     '0.5.4',
232 silly addNameRange     '0.5.5',
232 silly addNameRange     '0.5.6',
232 silly addNameRange     '0.6.0',
232 silly addNameRange     '0.6.1',
232 silly addNameRange     '0.6.2',
232 silly addNameRange     '0.6.3',
232 silly addNameRange     '0.6.4',
232 silly addNameRange     '0.6.5',
232 silly addNameRange     '0.6.6',
232 silly addNameRange     '1.0.0',
232 silly addNameRange     '1.0.1',
232 silly addNameRange     '1.0.2',
232 silly addNameRange     '1.1.0',
232 silly addNameRange     '1.2.0',
232 silly addNameRange     '1.2.1',
232 silly addNameRange     '1.2.2',
232 silly addNameRange     '2.0.0',
232 silly addNameRange     '2.1.0',
232 silly addNameRange     '2.2.0',
232 silly addNameRange     '2.2.1',
232 silly addNameRange     '2.2.2',
232 silly addNameRange     '2.2.3',
232 silly addNameRange     '2.2.4',
232 silly addNameRange     '2.2.5',
232 silly addNameRange     '2.3.0',
232 silly addNameRange     '2.3.1',
232 silly addNameRange     '2.3.2',
232 silly addNameRange     '2.3.3',
232 silly addNameRange     '2.4.0',
232 silly addNameRange     '2.4.1',
232 silly addNameRange     '2.4.2',
232 silly addNameRange     '3.0.0',
232 silly addNameRange     '3.1.0',
232 silly addNameRange     '4.0.0',
232 silly addNameRange     '5.0.0',
232 silly addNameRange     '5.1.0',
232 silly addNameRange     '5.2.0',
232 silly addNameRange     '6.0.0',
232 silly addNameRange     '6.0.1',
232 silly addNameRange     '6.0.2',
232 silly addNameRange     '6.1.0' ] ]
233 verbose addNamed [ 'qs', '4.0.0' ]
234 verbose addNamed [ '4.0.0', '4.0.0' ]
235 silly lockFile 4b52a1c4-qs-4-0-0 qs@4.0.0
236 verbose lock qs@4.0.0 /Users/appacademy/.npm/4b52a1c4-qs-4-0-0.lock
237 silly addNameRange number 2 { name: 'warning', range: '>=2.0.0-0 <3.0.0-0', hasData: true }
238 silly addNameRange versions [ 'warning', [ '1.0.0', '1.0.1', '1.0.2', '2.0.0', '2.1.0' ] ]
239 verbose addNamed [ 'warning', '2.1.0' ]
240 verbose addNamed [ '2.1.0', '2.1.0' ]
241 silly lockFile 44bb0ac9-warning-2-1-0 warning@2.1.0
242 verbose lock warning@2.1.0 /Users/appacademy/.npm/44bb0ac9-warning-2-1-0.lock
243 silly lockFile 3c6861b6-js-org-warning-warning-2-1-0-tgz https://registry.npmjs.org/warning/-/warning-2.1.0.tgz
244 verbose lock https://registry.npmjs.org/warning/-/warning-2.1.0.tgz /Users/appacademy/.npm/3c6861b6-js-org-warning-warning-2-1-0-tgz.lock
245 silly lockFile b97a36cc-gistry-npmjs-org-qs-qs-4-0-0-tgz https://registry.npmjs.org/qs/-/qs-4.0.0.tgz
246 verbose lock https://registry.npmjs.org/qs/-/qs-4.0.0.tgz /Users/appacademy/.npm/b97a36cc-gistry-npmjs-org-qs-qs-4-0-0-tgz.lock
247 verbose addRemoteTarball [ 'https://registry.npmjs.org/warning/-/warning-2.1.0.tgz',
247 verbose addRemoteTarball   '21220d9c63afc77a8c92111e011af705ce0c6901' ]
248 verbose addRemoteTarball [ 'https://registry.npmjs.org/qs/-/qs-4.0.0.tgz',
248 verbose addRemoteTarball   'c31d9b74ec27df75e543a86c78728ed8d4623607' ]
249 info retry fetch attempt 1 at 20:40:53
250 verbose fetch to= /var/folders/3z/2m430jjj7tz_qpwb_zc0ttl40000gn/T/npm-44971-SKN3FK_S/registry.npmjs.org/warning/-/warning-2.1.0.tgz
251 info retry fetch attempt 1 at 20:40:53
252 verbose fetch to= /var/folders/3z/2m430jjj7tz_qpwb_zc0ttl40000gn/T/npm-44971-SKN3FK_S/registry.npmjs.org/qs/-/qs-4.0.0.tgz
253 http GET https://registry.npmjs.org/warning/-/warning-2.1.0.tgz
254 http GET https://registry.npmjs.org/qs/-/qs-4.0.0.tgz
255 http 200 https://registry.npmjs.org/invariant/-/invariant-2.2.0.tgz
256 silly lockFile 89906230-rg-invariant-invariant-2-2-0-tgz https://registry.npmjs.org/invariant/-/invariant-2.2.0.tgz
257 silly lockFile 89906230-rg-invariant-invariant-2-2-0-tgz https://registry.npmjs.org/invariant/-/invariant-2.2.0.tgz
258 silly lockFile a00864a2-invariant-2-2-0 invariant@2.2.0
259 silly lockFile a00864a2-invariant-2-2-0 invariant@2.2.0
260 silly lockFile dc0bdd7a-invariant-2-0-0 invariant@^2.0.0
261 silly lockFile dc0bdd7a-invariant-2-0-0 invariant@^2.0.0
262 http 200 https://registry.npmjs.org/qs/-/qs-4.0.0.tgz
263 http 200 https://registry.npmjs.org/deep-equal
264 silly registry.get cb [ 200,
264 silly registry.get   { server: 'CouchDB/1.5.0 (Erlang OTP/R16B03)',
264 silly registry.get     etag: '"EJP4KA86SP8AGUJW4KS6CPU24"',
264 silly registry.get     'content-type': 'application/json',
264 silly registry.get     'cache-control': 'max-age=300',
264 silly registry.get     'content-length': '12314',
264 silly registry.get     'accept-ranges': 'bytes',
264 silly registry.get     date: 'Wed, 24 Feb 2016 04:40:53 GMT',
264 silly registry.get     via: '1.1 varnish',
264 silly registry.get     age: '0',
264 silly registry.get     connection: 'keep-alive',
264 silly registry.get     'x-served-by': 'cache-lax1431-LAX',
264 silly registry.get     'x-cache': 'HIT',
264 silly registry.get     'x-cache-hits': '1',
264 silly registry.get     'x-timer': 'S1456288853.102017,VS0,VE180',
264 silly registry.get     vary: 'Accept' } ]
265 http 200 https://registry.npmjs.org/warning/-/warning-2.1.0.tgz
266 silly addNameRange number 2 { name: 'deep-equal',
266 silly addNameRange   range: '>=1.0.0-0 <2.0.0-0',
266 silly addNameRange   hasData: true }
267 silly addNameRange versions [ 'deep-equal',
267 silly addNameRange   [ '0.0.0',
267 silly addNameRange     '0.1.0',
267 silly addNameRange     '0.1.1',
267 silly addNameRange     '0.1.2',
267 silly addNameRange     '0.2.0',
267 silly addNameRange     '0.2.1',
267 silly addNameRange     '0.2.2',
267 silly addNameRange     '1.0.0',
267 silly addNameRange     '1.0.1' ] ]
268 verbose addNamed [ 'deep-equal', '1.0.1' ]
269 verbose addNamed [ '1.0.1', '1.0.1' ]
270 silly lockFile d1a4d4e0-deep-equal-1-0-1 deep-equal@1.0.1
271 verbose lock deep-equal@1.0.1 /Users/appacademy/.npm/d1a4d4e0-deep-equal-1-0-1.lock
272 silly lockFile e3fb512a--deep-equal-deep-equal-1-0-1-tgz https://registry.npmjs.org/deep-equal/-/deep-equal-1.0.1.tgz
273 verbose lock https://registry.npmjs.org/deep-equal/-/deep-equal-1.0.1.tgz /Users/appacademy/.npm/e3fb512a--deep-equal-deep-equal-1-0-1-tgz.lock
274 verbose addRemoteTarball [ 'https://registry.npmjs.org/deep-equal/-/deep-equal-1.0.1.tgz',
274 verbose addRemoteTarball   'f5d260292b660e084eff4cdbc9f08ad3247448b5' ]
275 silly lockFile b97a36cc-gistry-npmjs-org-qs-qs-4-0-0-tgz https://registry.npmjs.org/qs/-/qs-4.0.0.tgz
276 silly lockFile b97a36cc-gistry-npmjs-org-qs-qs-4-0-0-tgz https://registry.npmjs.org/qs/-/qs-4.0.0.tgz
277 silly lockFile 4b52a1c4-qs-4-0-0 qs@4.0.0
278 silly lockFile 4b52a1c4-qs-4-0-0 qs@4.0.0
279 info retry fetch attempt 1 at 20:40:53
280 verbose fetch to= /var/folders/3z/2m430jjj7tz_qpwb_zc0ttl40000gn/T/npm-44971-SKN3FK_S/registry.npmjs.org/deep-equal/-/deep-equal-1.0.1.tgz
281 silly lockFile 3c6861b6-js-org-warning-warning-2-1-0-tgz https://registry.npmjs.org/warning/-/warning-2.1.0.tgz
282 silly lockFile 3c6861b6-js-org-warning-warning-2-1-0-tgz https://registry.npmjs.org/warning/-/warning-2.1.0.tgz
283 silly lockFile c3920404-qs-4-0-0 qs@^4.0.0
284 silly lockFile c3920404-qs-4-0-0 qs@^4.0.0
285 silly lockFile 44bb0ac9-warning-2-1-0 warning@2.1.0
286 silly lockFile 44bb0ac9-warning-2-1-0 warning@2.1.0
287 http GET https://registry.npmjs.org/deep-equal/-/deep-equal-1.0.1.tgz
288 silly lockFile 9061709c-warning-2-0-0 warning@^2.0.0
289 silly lockFile 9061709c-warning-2-0-0 warning@^2.0.0
290 http 200 https://registry.npmjs.org/deep-equal/-/deep-equal-1.0.1.tgz
291 silly lockFile e3fb512a--deep-equal-deep-equal-1-0-1-tgz https://registry.npmjs.org/deep-equal/-/deep-equal-1.0.1.tgz
292 silly lockFile e3fb512a--deep-equal-deep-equal-1-0-1-tgz https://registry.npmjs.org/deep-equal/-/deep-equal-1.0.1.tgz
293 silly lockFile d1a4d4e0-deep-equal-1-0-1 deep-equal@1.0.1
294 silly lockFile d1a4d4e0-deep-equal-1-0-1 deep-equal@1.0.1
295 silly lockFile 8dc4a90b-deep-equal-1-0-0 deep-equal@^1.0.0
296 silly lockFile 8dc4a90b-deep-equal-1-0-0 deep-equal@^1.0.0
297 silly resolved [ { name: 'invariant',
297 silly resolved     version: '2.2.0',
297 silly resolved     description: 'invariant',
297 silly resolved     keywords: [ 'test' ],
297 silly resolved     license: 'BSD-3-Clause',
297 silly resolved     author: { name: 'Andres Suarez', email: 'zertosh@gmail.com' },
297 silly resolved     files: [ 'invariant.js', 'browser.js' ],
297 silly resolved     repository:
297 silly resolved      { type: 'git',
297 silly resolved        url: 'git+https://github.com/zertosh/invariant.git' },
297 silly resolved     scripts: { test: 'NODE_ENV=production tap test/*.js && NODE_ENV=development tap test/*.js' },
297 silly resolved     dependencies: { 'loose-envify': '^1.0.0' },
297 silly resolved     devDependencies: { browserify: '^11.0.1', tap: '^1.4.0' },
297 silly resolved     main: 'invariant.js',
297 silly resolved     browser: 'browser.js',
297 silly resolved     browserify: { transform: [Object] },
297 silly resolved     gitHead: '1660eab9f183183e71ef57a7765bb1121680fff9',
297 silly resolved     bugs: { url: 'https://github.com/zertosh/invariant/issues' },
297 silly resolved     homepage: 'https://github.com/zertosh/invariant#readme',
297 silly resolved     _id: 'invariant@2.2.0',
297 silly resolved     _shasum: 'c8d7e847366a49cc18b622f058a689d481e895f2',
297 silly resolved     _from: 'invariant@^2.0.0',
297 silly resolved     _npmVersion: '2.14.7',
297 silly resolved     _nodeVersion: '4.2.2',
297 silly resolved     _npmUser: { name: 'zertosh', email: 'zertosh@gmail.com' },
297 silly resolved     maintainers: [ [Object] ],
297 silly resolved     dist:
297 silly resolved      { shasum: 'c8d7e847366a49cc18b622f058a689d481e895f2',
297 silly resolved        tarball: 'http://registry.npmjs.org/invariant/-/invariant-2.2.0.tgz' },
297 silly resolved     directories: {},
297 silly resolved     _resolved: 'https://registry.npmjs.org/invariant/-/invariant-2.2.0.tgz' },
297 silly resolved   { name: 'qs',
297 silly resolved     version: '4.0.0',
297 silly resolved     description: 'A querystring parser that supports nesting and arrays, with a depth limit',
297 silly resolved     homepage: 'https://github.com/hapijs/qs',
297 silly resolved     main: 'lib/index.js',
297 silly resolved     dependencies: {},
297 silly resolved     devDependencies: { browserify: '^10.2.1', code: '1.x.x', lab: '5.x.x' },
297 silly resolved     scripts:
297 silly resolved      { test: 'lab -a code -t 100 -L',
297 silly resolved        'test-cov-html': 'lab -a code -r html -o coverage.html',
297 silly resolved        dist: 'browserify --standalone Qs lib/index.js > dist/qs.js' },
297 silly resolved     repository: { type: 'git', url: 'git+https://github.com/hapijs/qs.git' },
297 silly resolved     keywords: [ 'querystring', 'qs' ],
297 silly resolved     license: 'BSD-3-Clause',
297 silly resolved     gitHead: 'e573dd08eae6cce30d2202704691a102dfa3782a',
297 silly resolved     bugs: { url: 'https://github.com/hapijs/qs/issues' },
297 silly resolved     _id: 'qs@4.0.0',
297 silly resolved     _shasum: 'c31d9b74ec27df75e543a86c78728ed8d4623607',
297 silly resolved     _from: 'qs@^4.0.0',
297 silly resolved     _npmVersion: '2.12.0',
297 silly resolved     _nodeVersion: '0.12.4',
297 silly resolved     _npmUser: { name: 'nlf', email: 'quitlahok@gmail.com' },
297 silly resolved     dist:
297 silly resolved      { shasum: 'c31d9b74ec27df75e543a86c78728ed8d4623607',
297 silly resolved        tarball: 'http://registry.npmjs.org/qs/-/qs-4.0.0.tgz' },
297 silly resolved     maintainers: [ [Object], [Object] ],
297 silly resolved     directories: {},
297 silly resolved     _resolved: 'https://registry.npmjs.org/qs/-/qs-4.0.0.tgz' },
297 silly resolved   { name: 'warning',
297 silly resolved     version: '2.1.0',
297 silly resolved     description: 'A mirror of Facebook\'s Warning',
297 silly resolved     main: 'warning.js',
297 silly resolved     browser: 'browser.js',
297 silly resolved     browserify: { transform: [Object] },
297 silly resolved     files: [ 'browser.js', 'warning.js' ],
297 silly resolved     scripts: { test: 'NODE_ENV=production tap test/*.js && NODE_ENV=development tap test/*.js' },
297 silly resolved     dependencies: { 'loose-envify': '^1.0.0' },
297 silly resolved     devDependencies: { browserify: '^11.0.1', tap: '^1.4.0' },
297 silly resolved     repository: { type: 'git', url: 'git+https://github.com/r3dm/warning.git' },
297 silly resolved     keywords: [ 'warning', 'facebook', 'react', 'invariant' ],
297 silly resolved     author:
297 silly resolved      { name: 'Berkeley Martinez',
297 silly resolved        email: 'berkeley@r3dm.com',
297 silly resolved        url: 'http://r3dm.com' },
297 silly resolved     license: 'BSD-2-Clause',
297 silly resolved     bugs: { url: 'https://github.com/r3dm/warning/issues' },
297 silly resolved     homepage: 'https://github.com/r3dm/warning',
297 silly resolved     gitHead: 'b7d56e3f6c21c3ee05af617222d16c7d80118443',
297 silly resolved     _id: 'warning@2.1.0',
297 silly resolved     _shasum: '21220d9c63afc77a8c92111e011af705ce0c6901',
297 silly resolved     _from: 'warning@^2.0.0',
297 silly resolved     _npmVersion: '2.11.1',
297 silly resolved     _nodeVersion: '1.6.4',
297 silly resolved     _npmUser: { name: 'berkeleytrue', email: 'berkeley@robotie.com' },
297 silly resolved     maintainers: [ [Object] ],
297 silly resolved     dist:
297 silly resolved      { shasum: '21220d9c63afc77a8c92111e011af705ce0c6901',
297 silly resolved        tarball: 'http://registry.npmjs.org/warning/-/warning-2.1.0.tgz' },
297 silly resolved     directories: {},
297 silly resolved     _resolved: 'https://registry.npmjs.org/warning/-/warning-2.1.0.tgz' },
297 silly resolved   { name: 'deep-equal',
297 silly resolved     version: '1.0.1',
297 silly resolved     description: 'node\'s assert.deepEqual algorithm',
297 silly resolved     main: 'index.js',
297 silly resolved     directories: { lib: '.', example: 'example', test: 'test' },
297 silly resolved     scripts: { test: 'tape test/*.js' },
297 silly resolved     devDependencies: { tape: '^3.5.0' },
297 silly resolved     repository:
297 silly resolved      { type: 'git',
297 silly resolved        url: 'git+ssh://git@github.com/substack/node-deep-equal.git' },
297 silly resolved     keywords: [ 'equality', 'equal', 'compare' ],
297 silly resolved     author:
297 silly resolved      { name: 'James Halliday',
297 silly resolved        email: 'mail@substack.net',
297 silly resolved        url: 'http://substack.net' },
297 silly resolved     license: 'MIT',
297 silly resolved     testling: { files: 'test/*.js', browsers: [Object] },
297 silly resolved     gitHead: '59c511f5aeae19e3dd1de054077a789d7302be34',
297 silly resolved     bugs: { url: 'https://github.com/substack/node-deep-equal/issues' },
297 silly resolved     homepage: 'https://github.com/substack/node-deep-equal#readme',
297 silly resolved     _id: 'deep-equal@1.0.1',
297 silly resolved     _shasum: 'f5d260292b660e084eff4cdbc9f08ad3247448b5',
297 silly resolved     _from: 'deep-equal@^1.0.0',
297 silly resolved     _npmVersion: '3.2.2',
297 silly resolved     _nodeVersion: '2.4.0',
297 silly resolved     _npmUser: { name: 'substack', email: 'substack@gmail.com' },
297 silly resolved     dist:
297 silly resolved      { shasum: 'f5d260292b660e084eff4cdbc9f08ad3247448b5',
297 silly resolved        tarball: 'http://registry.npmjs.org/deep-equal/-/deep-equal-1.0.1.tgz' },
297 silly resolved     maintainers: [ [Object] ],
297 silly resolved     _resolved: 'https://registry.npmjs.org/deep-equal/-/deep-equal-1.0.1.tgz' } ]
298 info install invariant@2.2.0 into /Users/appacademy/Downloads/StampLife/node_modules/history
299 info install qs@4.0.0 into /Users/appacademy/Downloads/StampLife/node_modules/history
300 info install warning@2.1.0 into /Users/appacademy/Downloads/StampLife/node_modules/history
301 info install deep-equal@1.0.1 into /Users/appacademy/Downloads/StampLife/node_modules/history
302 info installOne invariant@2.2.0
303 info installOne qs@4.0.0
304 info installOne warning@2.1.0
305 info installOne deep-equal@1.0.1
306 verbose node_modules/history/node_modules/invariant unbuild
307 verbose node_modules/history/node_modules/qs unbuild
308 verbose node_modules/history/node_modules/warning unbuild
309 verbose node_modules/history/node_modules/deep-equal unbuild
310 verbose tar unpack /Users/appacademy/.npm/invariant/2.2.0/package.tgz
311 silly lockFile bc2c8677-s-history-node-modules-invariant tar:///Users/appacademy/Downloads/StampLife/node_modules/history/node_modules/invariant
312 verbose lock tar:///Users/appacademy/Downloads/StampLife/node_modules/history/node_modules/invariant /Users/appacademy/.npm/bc2c8677-s-history-node-modules-invariant.lock
313 silly lockFile 2f41d576--npm-invariant-2-2-0-package-tgz tar:///Users/appacademy/.npm/invariant/2.2.0/package.tgz
314 verbose lock tar:///Users/appacademy/.npm/invariant/2.2.0/package.tgz /Users/appacademy/.npm/2f41d576--npm-invariant-2-2-0-package-tgz.lock
315 verbose tar unpack /Users/appacademy/.npm/qs/4.0.0/package.tgz
316 silly lockFile bf82bed4--modules-history-node-modules-qs tar:///Users/appacademy/Downloads/StampLife/node_modules/history/node_modules/qs
317 verbose lock tar:///Users/appacademy/Downloads/StampLife/node_modules/history/node_modules/qs /Users/appacademy/.npm/bf82bed4--modules-history-node-modules-qs.lock
318 silly lockFile 309ea9be-academy-npm-qs-4-0-0-package-tgz tar:///Users/appacademy/.npm/qs/4.0.0/package.tgz
319 verbose lock tar:///Users/appacademy/.npm/qs/4.0.0/package.tgz /Users/appacademy/.npm/309ea9be-academy-npm-qs-4-0-0-package-tgz.lock
320 verbose tar unpack /Users/appacademy/.npm/warning/2.1.0/package.tgz
321 silly lockFile 11b92401-les-history-node-modules-warning tar:///Users/appacademy/Downloads/StampLife/node_modules/history/node_modules/warning
322 verbose lock tar:///Users/appacademy/Downloads/StampLife/node_modules/history/node_modules/warning /Users/appacademy/.npm/11b92401-les-history-node-modules-warning.lock
323 silly lockFile b7764bc3-my-npm-warning-2-1-0-package-tgz tar:///Users/appacademy/.npm/warning/2.1.0/package.tgz
324 verbose lock tar:///Users/appacademy/.npm/warning/2.1.0/package.tgz /Users/appacademy/.npm/b7764bc3-my-npm-warning-2-1-0-package-tgz.lock
325 verbose tar unpack /Users/appacademy/.npm/deep-equal/1.0.1/package.tgz
326 silly lockFile 74346ca3--history-node-modules-deep-equal tar:///Users/appacademy/Downloads/StampLife/node_modules/history/node_modules/deep-equal
327 verbose lock tar:///Users/appacademy/Downloads/StampLife/node_modules/history/node_modules/deep-equal /Users/appacademy/.npm/74346ca3--history-node-modules-deep-equal.lock
328 silly lockFile e2dcebe2-npm-deep-equal-1-0-1-package-tgz tar:///Users/appacademy/.npm/deep-equal/1.0.1/package.tgz
329 verbose lock tar:///Users/appacademy/.npm/deep-equal/1.0.1/package.tgz /Users/appacademy/.npm/e2dcebe2-npm-deep-equal-1-0-1-package-tgz.lock
330 silly gunzTarPerm modes [ '755', '644' ]
331 silly gunzTarPerm modes [ '755', '644' ]
332 silly gunzTarPerm modes [ '755', '644' ]
333 silly gunzTarPerm modes [ '755', '644' ]
334 silly gunzTarPerm extractEntry package.json
335 silly gunzTarPerm extractEntry package.json
336 silly gunzTarPerm extractEntry package.json
337 silly gunzTarPerm extractEntry package.json
338 silly gunzTarPerm extractEntry README.md
339 silly gunzTarPerm extractEntry browser.js
340 silly gunzTarPerm extractEntry .npmignore
341 silly gunzTarPerm extractEntry README.md
342 silly gunzTarPerm extractEntry README.md
343 silly gunzTarPerm extractEntry browser.js
344 silly gunzTarPerm extractEntry LICENSE
345 silly gunzTarPerm extractEntry index.js
346 silly gunzTarPerm extractEntry invariant.js
347 silly gunzTarPerm extractEntry CHANGELOG.md
348 silly gunzTarPerm extractEntry warning.js
349 silly gunzTarPerm extractEntry CHANGELOG.md
350 silly gunzTarPerm extractEntry LICENSE
351 silly gunzTarPerm extractEntry CHANGELOG.md
352 silly gunzTarPerm extractEntry .travis.yml
353 silly gunzTarPerm extractEntry example/cmp.js
354 silly gunzTarPerm extractEntry CONTRIBUTING.md
355 silly gunzTarPerm extractEntry LICENSE.md
356 silly gunzTarPerm extractEntry lib/is_arguments.js
357 silly gunzTarPerm extractEntry lib/keys.js
358 silly gunzTarPerm extractEntry readme.markdown
359 silly gunzTarPerm extractEntry test/cmp.js
360 silly gunzTarPerm extractEntry .eslintignore
361 silly gunzTarPerm extractEntry bower.json
362 silly gunzTarPerm extractEntry lib/index.js
363 silly gunzTarPerm extractEntry lib/parse.js
364 silly lockFile bc2c8677-s-history-node-modules-invariant tar:///Users/appacademy/Downloads/StampLife/node_modules/history/node_modules/invariant
365 silly lockFile bc2c8677-s-history-node-modules-invariant tar:///Users/appacademy/Downloads/StampLife/node_modules/history/node_modules/invariant
366 silly lockFile 2f41d576--npm-invariant-2-2-0-package-tgz tar:///Users/appacademy/.npm/invariant/2.2.0/package.tgz
367 silly lockFile 2f41d576--npm-invariant-2-2-0-package-tgz tar:///Users/appacademy/.npm/invariant/2.2.0/package.tgz
368 info preinstall invariant@2.2.0
369 verbose readDependencies using package.json deps
370 verbose readDependencies using package.json deps
371 silly lockFile 11b92401-les-history-node-modules-warning tar:///Users/appacademy/Downloads/StampLife/node_modules/history/node_modules/warning
372 silly lockFile 11b92401-les-history-node-modules-warning tar:///Users/appacademy/Downloads/StampLife/node_modules/history/node_modules/warning
373 verbose cache add [ 'loose-envify@^1.0.0', null ]
374 verbose cache add name=undefined spec="loose-envify@^1.0.0" args=["loose-envify@^1.0.0",null]
375 verbose parsed url { protocol: null,
375 verbose parsed url   slashes: null,
375 verbose parsed url   auth: null,
375 verbose parsed url   host: null,
375 verbose parsed url   port: null,
375 verbose parsed url   hostname: null,
375 verbose parsed url   hash: null,
375 verbose parsed url   search: null,
375 verbose parsed url   query: null,
375 verbose parsed url   pathname: 'loose-envify@^1.0.0',
375 verbose parsed url   path: 'loose-envify@^1.0.0',
375 verbose parsed url   href: 'loose-envify@^1.0.0' }
376 silly lockFile b7764bc3-my-npm-warning-2-1-0-package-tgz tar:///Users/appacademy/.npm/warning/2.1.0/package.tgz
377 silly lockFile b7764bc3-my-npm-warning-2-1-0-package-tgz tar:///Users/appacademy/.npm/warning/2.1.0/package.tgz
378 verbose cache add name="loose-envify" spec="^1.0.0" args=["loose-envify","^1.0.0"]
379 verbose parsed url { protocol: null,
379 verbose parsed url   slashes: null,
379 verbose parsed url   auth: null,
379 verbose parsed url   host: null,
379 verbose parsed url   port: null,
379 verbose parsed url   hostname: null,
379 verbose parsed url   hash: null,
379 verbose parsed url   search: null,
379 verbose parsed url   query: null,
379 verbose parsed url   pathname: '^1.0.0',
379 verbose parsed url   path: '^1.0.0',
379 verbose parsed url   href: '^1.0.0' }
380 verbose addNamed [ 'loose-envify', '^1.0.0' ]
381 verbose addNamed [ null, '>=1.0.0-0 <2.0.0-0' ]
382 silly lockFile 5e67fb47-loose-envify-1-0-0 loose-envify@^1.0.0
383 verbose lock loose-envify@^1.0.0 /Users/appacademy/.npm/5e67fb47-loose-envify-1-0-0.lock
384 silly gunzTarPerm extractEntry lib/stringify.js
385 silly gunzTarPerm extractEntry lib/utils.js
386 silly addNameRange { name: 'loose-envify',
386 silly addNameRange   range: '>=1.0.0-0 <2.0.0-0',
386 silly addNameRange   hasData: false }
387 verbose request where is /loose-envify
388 verbose request registry https://registry.npmjs.org/
389 verbose url raw /loose-envify
390 verbose url resolving [ 'https://registry.npmjs.org/', './loose-envify' ]
391 verbose url resolved https://registry.npmjs.org/loose-envify
392 verbose request where is https://registry.npmjs.org/loose-envify
393 info trying registry request attempt 1 at 20:40:53
394 http GET https://registry.npmjs.org/loose-envify
395 info preinstall warning@2.1.0
396 verbose readDependencies using package.json deps
397 verbose readDependencies using package.json deps
398 silly gunzTarPerm extractEntry .travis.yml
399 silly gunzTarPerm extractEntry test/parse.js
400 verbose cache add [ 'loose-envify@^1.0.0', null ]
401 verbose cache add name=undefined spec="loose-envify@^1.0.0" args=["loose-envify@^1.0.0",null]
402 verbose parsed url { protocol: null,
402 verbose parsed url   slashes: null,
402 verbose parsed url   auth: null,
402 verbose parsed url   host: null,
402 verbose parsed url   port: null,
402 verbose parsed url   hostname: null,
402 verbose parsed url   hash: null,
402 verbose parsed url   search: null,
402 verbose parsed url   query: null,
402 verbose parsed url   pathname: 'loose-envify@^1.0.0',
402 verbose parsed url   path: 'loose-envify@^1.0.0',
402 verbose parsed url   href: 'loose-envify@^1.0.0' }
403 verbose cache add name="loose-envify" spec="^1.0.0" args=["loose-envify","^1.0.0"]
404 verbose parsed url { protocol: null,
404 verbose parsed url   slashes: null,
404 verbose parsed url   auth: null,
404 verbose parsed url   host: null,
404 verbose parsed url   port: null,
404 verbose parsed url   hostname: null,
404 verbose parsed url   hash: null,
404 verbose parsed url   search: null,
404 verbose parsed url   query: null,
404 verbose parsed url   pathname: '^1.0.0',
404 verbose parsed url   path: '^1.0.0',
404 verbose parsed url   href: '^1.0.0' }
405 verbose addNamed [ 'loose-envify', '^1.0.0' ]
406 silly gunzTarPerm extractEntry test/stringify.js
407 silly gunzTarPerm extractEntry test/utils.js
408 silly lockFile 74346ca3--history-node-modules-deep-equal tar:///Users/appacademy/Downloads/StampLife/node_modules/history/node_modules/deep-equal
409 silly lockFile 74346ca3--history-node-modules-deep-equal tar:///Users/appacademy/Downloads/StampLife/node_modules/history/node_modules/deep-equal
410 silly lockFile e2dcebe2-npm-deep-equal-1-0-1-package-tgz tar:///Users/appacademy/.npm/deep-equal/1.0.1/package.tgz
411 silly lockFile e2dcebe2-npm-deep-equal-1-0-1-package-tgz tar:///Users/appacademy/.npm/deep-equal/1.0.1/package.tgz
412 info preinstall deep-equal@1.0.1
413 verbose readDependencies using package.json deps
414 verbose readDependencies using package.json deps
415 silly resolved []
416 verbose about to build /Users/appacademy/Downloads/StampLife/node_modules/history/node_modules/deep-equal
417 info build /Users/appacademy/Downloads/StampLife/node_modules/history/node_modules/deep-equal
418 verbose linkStuff [ false,
418 verbose linkStuff   false,
418 verbose linkStuff   false,
418 verbose linkStuff   '/Users/appacademy/Downloads/StampLife/node_modules/history/node_modules' ]
419 info linkStuff deep-equal@1.0.1
420 verbose linkBins deep-equal@1.0.1
421 verbose linkMans deep-equal@1.0.1
422 verbose rebuildBundles deep-equal@1.0.1
423 info install deep-equal@1.0.1
424 info postinstall deep-equal@1.0.1
425 silly lockFile bf82bed4--modules-history-node-modules-qs tar:///Users/appacademy/Downloads/StampLife/node_modules/history/node_modules/qs
426 silly lockFile bf82bed4--modules-history-node-modules-qs tar:///Users/appacademy/Downloads/StampLife/node_modules/history/node_modules/qs
427 silly lockFile 309ea9be-academy-npm-qs-4-0-0-package-tgz tar:///Users/appacademy/.npm/qs/4.0.0/package.tgz
428 silly lockFile 309ea9be-academy-npm-qs-4-0-0-package-tgz tar:///Users/appacademy/.npm/qs/4.0.0/package.tgz
429 info preinstall qs@4.0.0
430 verbose readDependencies using package.json deps
431 verbose readDependencies using package.json deps
432 silly resolved []
433 verbose about to build /Users/appacademy/Downloads/StampLife/node_modules/history/node_modules/qs
434 info build /Users/appacademy/Downloads/StampLife/node_modules/history/node_modules/qs
435 verbose linkStuff [ false,
435 verbose linkStuff   false,
435 verbose linkStuff   false,
435 verbose linkStuff   '/Users/appacademy/Downloads/StampLife/node_modules/history/node_modules' ]
436 info linkStuff qs@4.0.0
437 verbose linkBins qs@4.0.0
438 verbose linkMans qs@4.0.0
439 verbose rebuildBundles qs@4.0.0
440 info install qs@4.0.0
441 info postinstall qs@4.0.0
442 http 200 https://registry.npmjs.org/loose-envify
443 silly registry.get cb [ 200,
443 silly registry.get   { server: 'CouchDB/1.5.0 (Erlang OTP/R16B03)',
443 silly registry.get     etag: '"2L56VY41TJJXRF6O0PIETR3YS"',
443 silly registry.get     'content-type': 'application/json',
443 silly registry.get     'cache-control': 'max-age=300',
443 silly registry.get     'content-length': '4290',
443 silly registry.get     'accept-ranges': 'bytes',
443 silly registry.get     date: 'Wed, 24 Feb 2016 04:40:53 GMT',
443 silly registry.get     via: '1.1 varnish',
443 silly registry.get     age: '252',
443 silly registry.get     connection: 'keep-alive',
443 silly registry.get     'x-served-by': 'cache-lax1425-LAX',
443 silly registry.get     'x-cache': 'HIT',
443 silly registry.get     'x-cache-hits': '2',
443 silly registry.get     'x-timer': 'S1456288853.482794,VS0,VE0',
443 silly registry.get     vary: 'Accept' } ]
444 silly addNameRange number 2 { name: 'loose-envify',
444 silly addNameRange   range: '>=1.0.0-0 <2.0.0-0',
444 silly addNameRange   hasData: true }
445 silly addNameRange versions [ 'loose-envify', [ '1.0.0', '1.1.0' ] ]
446 verbose addNamed [ 'loose-envify', '1.1.0' ]
447 verbose addNamed [ '1.1.0', '1.1.0' ]
448 silly lockFile 4683ad41-loose-envify-1-1-0 loose-envify@1.1.0
449 verbose lock loose-envify@1.1.0 /Users/appacademy/.npm/4683ad41-loose-envify-1-1-0.lock
450 silly lockFile 7b50fed7-se-envify-loose-envify-1-1-0-tgz https://registry.npmjs.org/loose-envify/-/loose-envify-1.1.0.tgz
451 verbose lock https://registry.npmjs.org/loose-envify/-/loose-envify-1.1.0.tgz /Users/appacademy/.npm/7b50fed7-se-envify-loose-envify-1-1-0-tgz.lock
452 verbose addRemoteTarball [ 'https://registry.npmjs.org/loose-envify/-/loose-envify-1.1.0.tgz',
452 verbose addRemoteTarball   '527582d62cff4e04da3f9976c7110d3392ec7e0c' ]
453 info retry fetch attempt 1 at 20:40:53
454 verbose fetch to= /var/folders/3z/2m430jjj7tz_qpwb_zc0ttl40000gn/T/npm-44971-SKN3FK_S/registry.npmjs.org/loose-envify/-/loose-envify-1.1.0.tgz
455 http GET https://registry.npmjs.org/loose-envify/-/loose-envify-1.1.0.tgz
456 http 200 https://registry.npmjs.org/loose-envify/-/loose-envify-1.1.0.tgz
457 silly lockFile 7b50fed7-se-envify-loose-envify-1-1-0-tgz https://registry.npmjs.org/loose-envify/-/loose-envify-1.1.0.tgz
458 silly lockFile 7b50fed7-se-envify-loose-envify-1-1-0-tgz https://registry.npmjs.org/loose-envify/-/loose-envify-1.1.0.tgz
459 silly lockFile 4683ad41-loose-envify-1-1-0 loose-envify@1.1.0
460 silly lockFile 4683ad41-loose-envify-1-1-0 loose-envify@1.1.0
461 silly lockFile 5e67fb47-loose-envify-1-0-0 loose-envify@^1.0.0
462 silly lockFile 5e67fb47-loose-envify-1-0-0 loose-envify@^1.0.0
463 silly resolved [ { name: 'loose-envify',
463 silly resolved     version: '1.1.0',
463 silly resolved     description: 'Fast (and loose) selective `process.env` replacer using js-tokens instead of an AST',
463 silly resolved     keywords:
463 silly resolved      [ 'environment',
463 silly resolved        'variables',
463 silly resolved        'browserify',
463 silly resolved        'browserify-transform',
463 silly resolved        'transform',
463 silly resolved        'source',
463 silly resolved        'configuration' ],
463 silly resolved     homepage: 'https://github.com/zertosh/loose-envify',
463 silly resolved     license: 'MIT',
463 silly resolved     author: { name: 'Andres Suarez', email: 'zertosh@gmail.com' },
463 silly resolved     repository:
463 silly resolved      { type: 'git',
463 silly resolved        url: 'git://github.com/zertosh/loose-envify.git' },
463 silly resolved     scripts: { test: 'tap test/*.js' },
463 silly resolved     dependencies: { 'js-tokens': '^1.0.1' },
463 silly resolved     devDependencies: { browserify: '^11.0.1', envify: '^3.4.0', tap: '^1.4.0' },
463 silly resolved     gitHead: 'f536f4fdbde317d77827ac8655c6c8473928b9e1',
463 silly resolved     bugs: { url: 'https://github.com/zertosh/loose-envify/issues' },
463 silly resolved     _id: 'loose-envify@1.1.0',
463 silly resolved     _shasum: '527582d62cff4e04da3f9976c7110d3392ec7e0c',
463 silly resolved     _from: 'loose-envify@^1.0.0',
463 silly resolved     _npmVersion: '2.14.4',
463 silly resolved     _nodeVersion: '4.1.2',
463 silly resolved     _npmUser: { name: 'zertosh', email: 'zertosh@gmail.com' },
463 silly resolved     maintainers: [ [Object] ],
463 silly resolved     dist:
463 silly resolved      { shasum: '527582d62cff4e04da3f9976c7110d3392ec7e0c',
463 silly resolved        tarball: 'http://registry.npmjs.org/loose-envify/-/loose-envify-1.1.0.tgz' },
463 silly resolved     directories: {},
463 silly resolved     _resolved: 'https://registry.npmjs.org/loose-envify/-/loose-envify-1.1.0.tgz' } ]
464 info install loose-envify@1.1.0 into /Users/appacademy/Downloads/StampLife/node_modules/history/node_modules/invariant
465 info installOne loose-envify@1.1.0
466 silly resolved [ { name: 'loose-envify',
466 silly resolved     version: '1.1.0',
466 silly resolved     description: 'Fast (and loose) selective `process.env` replacer using js-tokens instead of an AST',
466 silly resolved     keywords:
466 silly resolved      [ 'environment',
466 silly resolved        'variables',
466 silly resolved        'browserify',
466 silly resolved        'browserify-transform',
466 silly resolved        'transform',
466 silly resolved        'source',
466 silly resolved        'configuration' ],
466 silly resolved     homepage: 'https://github.com/zertosh/loose-envify',
466 silly resolved     license: 'MIT',
466 silly resolved     author: { name: 'Andres Suarez', email: 'zertosh@gmail.com' },
466 silly resolved     repository:
466 silly resolved      { type: 'git',
466 silly resolved        url: 'git://github.com/zertosh/loose-envify.git' },
466 silly resolved     scripts: { test: 'tap test/*.js' },
466 silly resolved     dependencies: { 'js-tokens': '^1.0.1' },
466 silly resolved     devDependencies: { browserify: '^11.0.1', envify: '^3.4.0', tap: '^1.4.0' },
466 silly resolved     gitHead: 'f536f4fdbde317d77827ac8655c6c8473928b9e1',
466 silly resolved     bugs: { url: 'https://github.com/zertosh/loose-envify/issues' },
466 silly resolved     _id: 'loose-envify@1.1.0',
466 silly resolved     _shasum: '527582d62cff4e04da3f9976c7110d3392ec7e0c',
466 silly resolved     _from: 'loose-envify@^1.0.0',
466 silly resolved     _npmVersion: '2.14.4',
466 silly resolved     _nodeVersion: '4.1.2',
466 silly resolved     _npmUser: { name: 'zertosh', email: 'zertosh@gmail.com' },
466 silly resolved     maintainers: [ [Object] ],
466 silly resolved     dist:
466 silly resolved      { shasum: '527582d62cff4e04da3f9976c7110d3392ec7e0c',
466 silly resolved        tarball: 'http://registry.npmjs.org/loose-envify/-/loose-envify-1.1.0.tgz' },
466 silly resolved     directories: {},
466 silly resolved     _resolved: 'https://registry.npmjs.org/loose-envify/-/loose-envify-1.1.0.tgz' } ]
467 info install loose-envify@1.1.0 into /Users/appacademy/Downloads/StampLife/node_modules/history/node_modules/warning
468 info installOne loose-envify@1.1.0
469 verbose node_modules/history/node_modules/invariant/node_modules/loose-envify unbuild
470 verbose node_modules/history/node_modules/warning/node_modules/loose-envify unbuild
471 verbose tar unpack /Users/appacademy/.npm/loose-envify/1.1.0/package.tgz
472 silly lockFile f9c35e21-ariant-node-modules-loose-envify tar:///Users/appacademy/Downloads/StampLife/node_modules/history/node_modules/invariant/node_modules/loose-envify
473 verbose lock tar:///Users/appacademy/Downloads/StampLife/node_modules/history/node_modules/invariant/node_modules/loose-envify /Users/appacademy/.npm/f9c35e21-ariant-node-modules-loose-envify.lock
474 silly lockFile 3630680d-m-loose-envify-1-1-0-package-tgz tar:///Users/appacademy/.npm/loose-envify/1.1.0/package.tgz
475 verbose lock tar:///Users/appacademy/.npm/loose-envify/1.1.0/package.tgz /Users/appacademy/.npm/3630680d-m-loose-envify-1-1-0-package-tgz.lock
476 verbose tar unpack /Users/appacademy/.npm/loose-envify/1.1.0/package.tgz
477 silly lockFile b485a4db-arning-node-modules-loose-envify tar:///Users/appacademy/Downloads/StampLife/node_modules/history/node_modules/warning/node_modules/loose-envify
478 verbose lock tar:///Users/appacademy/Downloads/StampLife/node_modules/history/node_modules/warning/node_modules/loose-envify /Users/appacademy/.npm/b485a4db-arning-node-modules-loose-envify.lock
479 silly lockFile 3630680d-m-loose-envify-1-1-0-package-tgz tar:///Users/appacademy/.npm/loose-envify/1.1.0/package.tgz
480 verbose lock tar:///Users/appacademy/.npm/loose-envify/1.1.0/package.tgz /Users/appacademy/.npm/3630680d-m-loose-envify-1-1-0-package-tgz.lock
481 silly gunzTarPerm modes [ '755', '644' ]
482 silly gunzTarPerm extractEntry package.json
483 silly gunzTarPerm extractEntry .npmignore
484 silly gunzTarPerm extractEntry README.md
485 silly gunzTarPerm extractEntry index.js
486 silly gunzTarPerm extractEntry custom.js
487 silly gunzTarPerm extractEntry loose-envify.js
488 silly gunzTarPerm extractEntry replace.js
489 silly lockFile f9c35e21-ariant-node-modules-loose-envify tar:///Users/appacademy/Downloads/StampLife/node_modules/history/node_modules/invariant/node_modules/loose-envify
490 silly lockFile f9c35e21-ariant-node-modules-loose-envify tar:///Users/appacademy/Downloads/StampLife/node_modules/history/node_modules/invariant/node_modules/loose-envify
491 silly lockFile 3630680d-m-loose-envify-1-1-0-package-tgz tar:///Users/appacademy/.npm/loose-envify/1.1.0/package.tgz
492 silly lockFile 3630680d-m-loose-envify-1-1-0-package-tgz tar:///Users/appacademy/.npm/loose-envify/1.1.0/package.tgz
493 info preinstall loose-envify@1.1.0
494 verbose readDependencies using package.json deps
495 verbose readDependencies using package.json deps
496 verbose cache add [ 'js-tokens@^1.0.1', null ]
497 verbose cache add name=undefined spec="js-tokens@^1.0.1" args=["js-tokens@^1.0.1",null]
498 verbose parsed url { protocol: null,
498 verbose parsed url   slashes: null,
498 verbose parsed url   auth: null,
498 verbose parsed url   host: null,
498 verbose parsed url   port: null,
498 verbose parsed url   hostname: null,
498 verbose parsed url   hash: null,
498 verbose parsed url   search: null,
498 verbose parsed url   query: null,
498 verbose parsed url   pathname: 'js-tokens@^1.0.1',
498 verbose parsed url   path: 'js-tokens@^1.0.1',
498 verbose parsed url   href: 'js-tokens@^1.0.1' }
499 verbose cache add name="js-tokens" spec="^1.0.1" args=["js-tokens","^1.0.1"]
500 verbose parsed url { protocol: null,
500 verbose parsed url   slashes: null,
500 verbose parsed url   auth: null,
500 verbose parsed url   host: null,
500 verbose parsed url   port: null,
500 verbose parsed url   hostname: null,
500 verbose parsed url   hash: null,
500 verbose parsed url   search: null,
500 verbose parsed url   query: null,
500 verbose parsed url   pathname: '^1.0.1',
500 verbose parsed url   path: '^1.0.1',
500 verbose parsed url   href: '^1.0.1' }
501 verbose addNamed [ 'js-tokens', '^1.0.1' ]
502 verbose addNamed [ null, '>=1.0.1-0 <2.0.0-0' ]
503 silly lockFile ced96222-js-tokens-1-0-1 js-tokens@^1.0.1
504 verbose lock js-tokens@^1.0.1 /Users/appacademy/.npm/ced96222-js-tokens-1-0-1.lock
505 silly addNameRange { name: 'js-tokens',
505 silly addNameRange   range: '>=1.0.1-0 <2.0.0-0',
505 silly addNameRange   hasData: false }
506 verbose request where is /js-tokens
507 verbose request registry https://registry.npmjs.org/
508 verbose url raw /js-tokens
509 verbose url resolving [ 'https://registry.npmjs.org/', './js-tokens' ]
510 verbose url resolved https://registry.npmjs.org/js-tokens
511 verbose request where is https://registry.npmjs.org/js-tokens
512 info trying registry request attempt 1 at 20:40:53
513 http GET https://registry.npmjs.org/js-tokens
514 silly gunzTarPerm modes [ '755', '644' ]
515 silly gunzTarPerm extractEntry package.json
516 silly gunzTarPerm extractEntry .npmignore
517 silly gunzTarPerm extractEntry README.md
518 silly gunzTarPerm extractEntry index.js
519 silly gunzTarPerm extractEntry custom.js
520 silly gunzTarPerm extractEntry loose-envify.js
521 silly gunzTarPerm extractEntry replace.js
522 silly lockFile b485a4db-arning-node-modules-loose-envify tar:///Users/appacademy/Downloads/StampLife/node_modules/history/node_modules/warning/node_modules/loose-envify
523 silly lockFile b485a4db-arning-node-modules-loose-envify tar:///Users/appacademy/Downloads/StampLife/node_modules/history/node_modules/warning/node_modules/loose-envify
524 silly lockFile 3630680d-m-loose-envify-1-1-0-package-tgz tar:///Users/appacademy/.npm/loose-envify/1.1.0/package.tgz
525 silly lockFile 3630680d-m-loose-envify-1-1-0-package-tgz tar:///Users/appacademy/.npm/loose-envify/1.1.0/package.tgz
526 info preinstall loose-envify@1.1.0
527 verbose readDependencies using package.json deps
528 verbose readDependencies using package.json deps
529 verbose cache add [ 'js-tokens@^1.0.1', null ]
530 verbose cache add name=undefined spec="js-tokens@^1.0.1" args=["js-tokens@^1.0.1",null]
531 verbose parsed url { protocol: null,
531 verbose parsed url   slashes: null,
531 verbose parsed url   auth: null,
531 verbose parsed url   host: null,
531 verbose parsed url   port: null,
531 verbose parsed url   hostname: null,
531 verbose parsed url   hash: null,
531 verbose parsed url   search: null,
531 verbose parsed url   query: null,
531 verbose parsed url   pathname: 'js-tokens@^1.0.1',
531 verbose parsed url   path: 'js-tokens@^1.0.1',
531 verbose parsed url   href: 'js-tokens@^1.0.1' }
532 verbose cache add name="js-tokens" spec="^1.0.1" args=["js-tokens","^1.0.1"]
533 verbose parsed url { protocol: null,
533 verbose parsed url   slashes: null,
533 verbose parsed url   auth: null,
533 verbose parsed url   host: null,
533 verbose parsed url   port: null,
533 verbose parsed url   hostname: null,
533 verbose parsed url   hash: null,
533 verbose parsed url   search: null,
533 verbose parsed url   query: null,
533 verbose parsed url   pathname: '^1.0.1',
533 verbose parsed url   path: '^1.0.1',
533 verbose parsed url   href: '^1.0.1' }
534 verbose addNamed [ 'js-tokens', '^1.0.1' ]
535 http 200 https://registry.npmjs.org/js-tokens
536 silly registry.get cb [ 200,
536 silly registry.get   { server: 'CouchDB/1.5.0 (Erlang OTP/R16B03)',
536 silly registry.get     etag: '"F4N7TBLBJ8Z40VG7DPO546R7U"',
536 silly registry.get     'content-type': 'application/json',
536 silly registry.get     'cache-control': 'max-age=300',
536 silly registry.get     'content-length': '16474',
536 silly registry.get     'accept-ranges': 'bytes',
536 silly registry.get     date: 'Wed, 24 Feb 2016 04:40:53 GMT',
536 silly registry.get     via: '1.1 varnish',
536 silly registry.get     age: '242',
536 silly registry.get     connection: 'keep-alive',
536 silly registry.get     'x-served-by': 'cache-lax1431-LAX',
536 silly registry.get     'x-cache': 'HIT',
536 silly registry.get     'x-cache-hits': '6',
536 silly registry.get     'x-timer': 'S1456288853.674371,VS0,VE0',
536 silly registry.get     vary: 'Accept' } ]
537 silly addNameRange number 2 { name: 'js-tokens', range: '>=1.0.1-0 <2.0.0-0', hasData: true }
538 silly addNameRange versions [ 'js-tokens',
538 silly addNameRange   [ '0.1.0',
538 silly addNameRange     '0.2.0',
538 silly addNameRange     '0.3.0',
538 silly addNameRange     '0.3.1',
538 silly addNameRange     '0.4.0',
538 silly addNameRange     '0.4.1',
538 silly addNameRange     '1.0.0',
538 silly addNameRange     '1.0.1',
538 silly addNameRange     '1.0.2' ] ]
539 verbose addNamed [ 'js-tokens', '1.0.2' ]
540 verbose addNamed [ '1.0.2', '1.0.2' ]
541 silly lockFile 7d5ea12a-js-tokens-1-0-2 js-tokens@1.0.2
542 verbose lock js-tokens@1.0.2 /Users/appacademy/.npm/7d5ea12a-js-tokens-1-0-2.lock
543 silly lockFile 304834bf-rg-js-tokens-js-tokens-1-0-2-tgz https://registry.npmjs.org/js-tokens/-/js-tokens-1.0.2.tgz
544 verbose lock https://registry.npmjs.org/js-tokens/-/js-tokens-1.0.2.tgz /Users/appacademy/.npm/304834bf-rg-js-tokens-js-tokens-1-0-2-tgz.lock
545 verbose addRemoteTarball [ 'https://registry.npmjs.org/js-tokens/-/js-tokens-1.0.2.tgz',
545 verbose addRemoteTarball   '8647f7e13f64ac15d9357a59a346c804d53b3efe' ]
546 info retry fetch attempt 1 at 20:40:53
547 verbose fetch to= /var/folders/3z/2m430jjj7tz_qpwb_zc0ttl40000gn/T/npm-44971-SKN3FK_S/registry.npmjs.org/js-tokens/-/js-tokens-1.0.2.tgz
548 http GET https://registry.npmjs.org/js-tokens/-/js-tokens-1.0.2.tgz
549 http 200 https://registry.npmjs.org/js-tokens/-/js-tokens-1.0.2.tgz
550 silly lockFile 304834bf-rg-js-tokens-js-tokens-1-0-2-tgz https://registry.npmjs.org/js-tokens/-/js-tokens-1.0.2.tgz
551 silly lockFile 304834bf-rg-js-tokens-js-tokens-1-0-2-tgz https://registry.npmjs.org/js-tokens/-/js-tokens-1.0.2.tgz
552 silly lockFile 7d5ea12a-js-tokens-1-0-2 js-tokens@1.0.2
553 silly lockFile 7d5ea12a-js-tokens-1-0-2 js-tokens@1.0.2
554 silly lockFile ced96222-js-tokens-1-0-1 js-tokens@^1.0.1
555 silly lockFile ced96222-js-tokens-1-0-1 js-tokens@^1.0.1
556 silly resolved [ { name: 'js-tokens',
556 silly resolved     version: '1.0.2',
556 silly resolved     author: { name: 'Simon Lydell' },
556 silly resolved     license: 'MIT',
556 silly resolved     description: 'A regex that tokenizes JavaScript.',
556 silly resolved     keywords: [ 'JavaScript', 'js', 'token', 'tokenize', 'regex' ],
556 silly resolved     files: [ 'index.js' ],
556 silly resolved     repository:
556 silly resolved      { type: 'git',
556 silly resolved        url: 'git+https://github.com/lydell/js-tokens.git' },
556 silly resolved     scripts:
556 silly resolved      { test: 'mocha --ui tdd',
556 silly resolved        'esprima-compare': 'node esprima-compare ./index.js everything.js/es5.js',
556 silly resolved        build: 'node generate-index.js',
556 silly resolved        dev: 'npm run build && npm test' },
556 silly resolved     devDependencies:
556 silly resolved      { 'coffee-script': '~1.9.3',
556 silly resolved        esprima: '^2.3.0',
556 silly resolved        'everything.js': '^1.0.3',
556 silly resolved        mocha: '^2.2.5' },
556 silly resolved     gitHead: '90f0f0a217984625180414763234c923aeee4af5',
556 silly resolved     bugs: { url: 'https://github.com/lydell/js-tokens/issues' },
556 silly resolved     homepage: 'https://github.com/lydell/js-tokens#readme',
556 silly resolved     _id: 'js-tokens@1.0.2',
556 silly resolved     _shasum: '8647f7e13f64ac15d9357a59a346c804d53b3efe',
556 silly resolved     _from: 'js-tokens@^1.0.1',
556 silly resolved     _npmVersion: '2.14.7',
556 silly resolved     _nodeVersion: '4.2.1',
556 silly resolved     _npmUser: { name: 'lydell', email: 'simon.lydell@gmail.com' },
556 silly resolved     dist:
556 silly resolved      { shasum: '8647f7e13f64ac15d9357a59a346c804d53b3efe',
556 silly resolved        tarball: 'http://registry.npmjs.org/js-tokens/-/js-tokens-1.0.2.tgz' },
556 silly resolved     maintainers: [ [Object] ],
556 silly resolved     directories: {},
556 silly resolved     _resolved: 'https://registry.npmjs.org/js-tokens/-/js-tokens-1.0.2.tgz' } ]
557 info install js-tokens@1.0.2 into /Users/appacademy/Downloads/StampLife/node_modules/history/node_modules/invariant/node_modules/loose-envify
558 info installOne js-tokens@1.0.2
559 silly resolved [ { name: 'js-tokens',
559 silly resolved     version: '1.0.2',
559 silly resolved     author: { name: 'Simon Lydell' },
559 silly resolved     license: 'MIT',
559 silly resolved     description: 'A regex that tokenizes JavaScript.',
559 silly resolved     keywords: [ 'JavaScript', 'js', 'token', 'tokenize', 'regex' ],
559 silly resolved     files: [ 'index.js' ],
559 silly resolved     repository:
559 silly resolved      { type: 'git',
559 silly resolved        url: 'git+https://github.com/lydell/js-tokens.git' },
559 silly resolved     scripts:
559 silly resolved      { test: 'mocha --ui tdd',
559 silly resolved        'esprima-compare': 'node esprima-compare ./index.js everything.js/es5.js',
559 silly resolved        build: 'node generate-index.js',
559 silly resolved        dev: 'npm run build && npm test' },
559 silly resolved     devDependencies:
559 silly resolved      { 'coffee-script': '~1.9.3',
559 silly resolved        esprima: '^2.3.0',
559 silly resolved        'everything.js': '^1.0.3',
559 silly resolved        mocha: '^2.2.5' },
559 silly resolved     gitHead: '90f0f0a217984625180414763234c923aeee4af5',
559 silly resolved     bugs: { url: 'https://github.com/lydell/js-tokens/issues' },
559 silly resolved     homepage: 'https://github.com/lydell/js-tokens#readme',
559 silly resolved     _id: 'js-tokens@1.0.2',
559 silly resolved     _shasum: '8647f7e13f64ac15d9357a59a346c804d53b3efe',
559 silly resolved     _from: 'js-tokens@^1.0.1',
559 silly resolved     _npmVersion: '2.14.7',
559 silly resolved     _nodeVersion: '4.2.1',
559 silly resolved     _npmUser: { name: 'lydell', email: 'simon.lydell@gmail.com' },
559 silly resolved     dist:
559 silly resolved      { shasum: '8647f7e13f64ac15d9357a59a346c804d53b3efe',
559 silly resolved        tarball: 'http://registry.npmjs.org/js-tokens/-/js-tokens-1.0.2.tgz' },
559 silly resolved     maintainers: [ [Object] ],
559 silly resolved     directories: {},
559 silly resolved     _resolved: 'https://registry.npmjs.org/js-tokens/-/js-tokens-1.0.2.tgz' } ]
560 info install js-tokens@1.0.2 into /Users/appacademy/Downloads/StampLife/node_modules/history/node_modules/warning/node_modules/loose-envify
561 info installOne js-tokens@1.0.2
562 verbose node_modules/history/node_modules/invariant/node_modules/loose-envify/node_modules/js-tokens unbuild
563 verbose node_modules/history/node_modules/warning/node_modules/loose-envify/node_modules/js-tokens unbuild
564 verbose tar unpack /Users/appacademy/.npm/js-tokens/1.0.2/package.tgz
565 silly lockFile 21a1d50f-se-envify-node-modules-js-tokens tar:///Users/appacademy/Downloads/StampLife/node_modules/history/node_modules/invariant/node_modules/loose-envify/node_modules/js-tokens
566 verbose lock tar:///Users/appacademy/Downloads/StampLife/node_modules/history/node_modules/invariant/node_modules/loose-envify/node_modules/js-tokens /Users/appacademy/.npm/21a1d50f-se-envify-node-modules-js-tokens.lock
567 silly lockFile cf15a3ae--npm-js-tokens-1-0-2-package-tgz tar:///Users/appacademy/.npm/js-tokens/1.0.2/package.tgz
568 verbose lock tar:///Users/appacademy/.npm/js-tokens/1.0.2/package.tgz /Users/appacademy/.npm/cf15a3ae--npm-js-tokens-1-0-2-package-tgz.lock
569 verbose tar unpack /Users/appacademy/.npm/js-tokens/1.0.2/package.tgz
570 silly lockFile 3189f065-se-envify-node-modules-js-tokens tar:///Users/appacademy/Downloads/StampLife/node_modules/history/node_modules/warning/node_modules/loose-envify/node_modules/js-tokens
571 verbose lock tar:///Users/appacademy/Downloads/StampLife/node_modules/history/node_modules/warning/node_modules/loose-envify/node_modules/js-tokens /Users/appacademy/.npm/3189f065-se-envify-node-modules-js-tokens.lock
572 silly lockFile cf15a3ae--npm-js-tokens-1-0-2-package-tgz tar:///Users/appacademy/.npm/js-tokens/1.0.2/package.tgz
573 verbose lock tar:///Users/appacademy/.npm/js-tokens/1.0.2/package.tgz /Users/appacademy/.npm/cf15a3ae--npm-js-tokens-1-0-2-package-tgz.lock
574 silly gunzTarPerm modes [ '755', '644' ]
575 silly gunzTarPerm extractEntry package.json
576 silly gunzTarPerm modified mode [ 'package.json', 436, 420 ]
577 silly gunzTarPerm extractEntry LICENSE
578 silly gunzTarPerm modified mode [ 'LICENSE', 436, 420 ]
579 silly gunzTarPerm extractEntry index.js
580 silly gunzTarPerm modified mode [ 'index.js', 436, 420 ]
581 silly gunzTarPerm extractEntry changelog.md
582 silly gunzTarPerm modified mode [ 'changelog.md', 436, 420 ]
583 silly gunzTarPerm extractEntry readme.md
584 silly gunzTarPerm modified mode [ 'readme.md', 436, 420 ]
585 silly lockFile 21a1d50f-se-envify-node-modules-js-tokens tar:///Users/appacademy/Downloads/StampLife/node_modules/history/node_modules/invariant/node_modules/loose-envify/node_modules/js-tokens
586 silly lockFile 21a1d50f-se-envify-node-modules-js-tokens tar:///Users/appacademy/Downloads/StampLife/node_modules/history/node_modules/invariant/node_modules/loose-envify/node_modules/js-tokens
587 silly lockFile cf15a3ae--npm-js-tokens-1-0-2-package-tgz tar:///Users/appacademy/.npm/js-tokens/1.0.2/package.tgz
588 silly lockFile cf15a3ae--npm-js-tokens-1-0-2-package-tgz tar:///Users/appacademy/.npm/js-tokens/1.0.2/package.tgz
589 info preinstall js-tokens@1.0.2
590 verbose readDependencies using package.json deps
591 verbose readDependencies using package.json deps
592 silly resolved []
593 verbose about to build /Users/appacademy/Downloads/StampLife/node_modules/history/node_modules/invariant/node_modules/loose-envify/node_modules/js-tokens
594 info build /Users/appacademy/Downloads/StampLife/node_modules/history/node_modules/invariant/node_modules/loose-envify/node_modules/js-tokens
595 verbose linkStuff [ false,
595 verbose linkStuff   false,
595 verbose linkStuff   false,
595 verbose linkStuff   '/Users/appacademy/Downloads/StampLife/node_modules/history/node_modules/invariant/node_modules/loose-envify/node_modules' ]
596 info linkStuff js-tokens@1.0.2
597 verbose linkBins js-tokens@1.0.2
598 verbose linkMans js-tokens@1.0.2
599 verbose rebuildBundles js-tokens@1.0.2
600 info install js-tokens@1.0.2
601 info postinstall js-tokens@1.0.2
602 verbose about to build /Users/appacademy/Downloads/StampLife/node_modules/history/node_modules/invariant/node_modules/loose-envify
603 info build /Users/appacademy/Downloads/StampLife/node_modules/history/node_modules/invariant/node_modules/loose-envify
604 verbose linkStuff [ false,
604 verbose linkStuff   false,
604 verbose linkStuff   false,
604 verbose linkStuff   '/Users/appacademy/Downloads/StampLife/node_modules/history/node_modules/invariant/node_modules' ]
605 info linkStuff loose-envify@1.1.0
606 verbose linkBins loose-envify@1.1.0
607 verbose linkMans loose-envify@1.1.0
608 verbose rebuildBundles loose-envify@1.1.0
609 verbose rebuildBundles [ 'js-tokens' ]
610 info install loose-envify@1.1.0
611 info postinstall loose-envify@1.1.0
612 verbose about to build /Users/appacademy/Downloads/StampLife/node_modules/history/node_modules/invariant
613 info build /Users/appacademy/Downloads/StampLife/node_modules/history/node_modules/invariant
614 verbose linkStuff [ false,
614 verbose linkStuff   false,
614 verbose linkStuff   false,
614 verbose linkStuff   '/Users/appacademy/Downloads/StampLife/node_modules/history/node_modules' ]
615 info linkStuff invariant@2.2.0
616 verbose linkBins invariant@2.2.0
617 verbose linkMans invariant@2.2.0
618 verbose rebuildBundles invariant@2.2.0
619 verbose rebuildBundles [ 'loose-envify' ]
620 info install invariant@2.2.0
621 info postinstall invariant@2.2.0
622 silly gunzTarPerm modes [ '755', '644' ]
623 silly gunzTarPerm extractEntry package.json
624 silly gunzTarPerm modified mode [ 'package.json', 436, 420 ]
625 silly gunzTarPerm extractEntry LICENSE
626 silly gunzTarPerm modified mode [ 'LICENSE', 436, 420 ]
627 silly gunzTarPerm extractEntry index.js
628 silly gunzTarPerm modified mode [ 'index.js', 436, 420 ]
629 silly gunzTarPerm extractEntry changelog.md
630 silly gunzTarPerm modified mode [ 'changelog.md', 436, 420 ]
631 silly gunzTarPerm extractEntry readme.md
632 silly gunzTarPerm modified mode [ 'readme.md', 436, 420 ]
633 silly lockFile 3189f065-se-envify-node-modules-js-tokens tar:///Users/appacademy/Downloads/StampLife/node_modules/history/node_modules/warning/node_modules/loose-envify/node_modules/js-tokens
634 silly lockFile 3189f065-se-envify-node-modules-js-tokens tar:///Users/appacademy/Downloads/StampLife/node_modules/history/node_modules/warning/node_modules/loose-envify/node_modules/js-tokens
635 silly lockFile cf15a3ae--npm-js-tokens-1-0-2-package-tgz tar:///Users/appacademy/.npm/js-tokens/1.0.2/package.tgz
636 silly lockFile cf15a3ae--npm-js-tokens-1-0-2-package-tgz tar:///Users/appacademy/.npm/js-tokens/1.0.2/package.tgz
637 info preinstall js-tokens@1.0.2
638 verbose readDependencies using package.json deps
639 verbose readDependencies using package.json deps
640 silly resolved []
641 verbose about to build /Users/appacademy/Downloads/StampLife/node_modules/history/node_modules/warning/node_modules/loose-envify/node_modules/js-tokens
642 info build /Users/appacademy/Downloads/StampLife/node_modules/history/node_modules/warning/node_modules/loose-envify/node_modules/js-tokens
643 verbose linkStuff [ false,
643 verbose linkStuff   false,
643 verbose linkStuff   false,
643 verbose linkStuff   '/Users/appacademy/Downloads/StampLife/node_modules/history/node_modules/warning/node_modules/loose-envify/node_modules' ]
644 info linkStuff js-tokens@1.0.2
645 verbose linkBins js-tokens@1.0.2
646 verbose linkMans js-tokens@1.0.2
647 verbose rebuildBundles js-tokens@1.0.2
648 info install js-tokens@1.0.2
649 info postinstall js-tokens@1.0.2
650 verbose about to build /Users/appacademy/Downloads/StampLife/node_modules/history/node_modules/warning/node_modules/loose-envify
651 info build /Users/appacademy/Downloads/StampLife/node_modules/history/node_modules/warning/node_modules/loose-envify
652 verbose linkStuff [ false,
652 verbose linkStuff   false,
652 verbose linkStuff   false,
652 verbose linkStuff   '/Users/appacademy/Downloads/StampLife/node_modules/history/node_modules/warning/node_modules' ]
653 info linkStuff loose-envify@1.1.0
654 verbose linkBins loose-envify@1.1.0
655 verbose linkMans loose-envify@1.1.0
656 verbose rebuildBundles loose-envify@1.1.0
657 verbose rebuildBundles [ 'js-tokens' ]
658 info install loose-envify@1.1.0
659 info postinstall loose-envify@1.1.0
660 verbose about to build /Users/appacademy/Downloads/StampLife/node_modules/history/node_modules/warning
661 info build /Users/appacademy/Downloads/StampLife/node_modules/history/node_modules/warning
662 verbose linkStuff [ false,
662 verbose linkStuff   false,
662 verbose linkStuff   false,
662 verbose linkStuff   '/Users/appacademy/Downloads/StampLife/node_modules/history/node_modules' ]
663 info linkStuff warning@2.1.0
664 verbose linkBins warning@2.1.0
665 verbose linkMans warning@2.1.0
666 verbose rebuildBundles warning@2.1.0
667 verbose rebuildBundles [ 'loose-envify' ]
668 info install warning@2.1.0
669 info postinstall warning@2.1.0
670 verbose about to build /Users/appacademy/Downloads/StampLife/node_modules/history
671 info build /Users/appacademy/Downloads/StampLife/node_modules/history
672 verbose linkStuff [ false,
672 verbose linkStuff   false,
672 verbose linkStuff   false,
672 verbose linkStuff   '/Users/appacademy/Downloads/StampLife/node_modules' ]
673 info linkStuff history@1.13.1
674 verbose linkBins history@1.13.1
675 verbose linkMans history@1.13.1
676 verbose rebuildBundles history@1.13.1
677 verbose rebuildBundles [ 'deep-equal', 'invariant', 'qs', 'warning' ]
678 info install history@1.13.1
679 info postinstall history@1.13.1
680 verbose unsafe-perm in lifecycle true
681 info build /Users/appacademy/Downloads/StampLife
682 verbose linkStuff [ false, false, false, '/Users/appacademy/Downloads' ]
683 info linkStuff salamander@1.0.0
684 verbose linkBins salamander@1.0.0
685 verbose linkMans salamander@1.0.0
686 verbose rebuildBundles salamander@1.0.0
687 verbose rebuildBundles [ '.bin',
687 verbose rebuildBundles   'babel-core',
687 verbose rebuildBundles   'babel-loader',
687 verbose rebuildBundles   'babel-preset-react',
687 verbose rebuildBundles   'flux',
687 verbose rebuildBundles   'history',
687 verbose rebuildBundles   'react',
687 verbose rebuildBundles   'react-addons-linked-state-mixin',
687 verbose rebuildBundles   'react-dom',
687 verbose rebuildBundles   'react-router',
687 verbose rebuildBundles   'tether-shepherd',
687 verbose rebuildBundles   'webpack' ]
688 info install salamander@1.0.0
689 info postinstall salamander@1.0.0
690 verbose unsafe-perm in lifecycle true
691 info prepublish salamander@1.0.0
692 error peerinvalid The package history does not satisfy its siblings' peerDependencies requirements!
692 error peerinvalid Peer react-router@1.0.3 wants history@^1.17.0
693 error System Darwin 14.0.0
694 error command "/Users/appacademy/.nvm/v0.10.33/bin/node" "/Users/appacademy/.nvm/v0.10.33/bin/npm" "install"
695 error cwd /Users/appacademy/Downloads/StampLife
696 error node -v v0.10.33
697 error npm -v 1.4.28
698 error code EPEERINVALID
699 verbose exit [ 1, true ]
